nohup: ignoring input
Started jobs for seed 0 on GPU 0, GPU 1, GPU 2, and GPU 3
Completed jobs for seed 0
Started jobs for seed 1 on GPU 0, GPU 1, GPU 2, and GPU 3
Completed jobs for seed 1
Started jobs for seed 2 on GPU 0, GPU 1, GPU 2, and GPU 3
Completed jobs for seed 2
Started jobs for seed 3 on GPU 0, GPU 1, GPU 2, and GPU 3
Completed jobs for seed 3
Started jobs for seed 4 on GPU 0, GPU 1, GPU 2, and GPU 3
Completed jobs for seed 4
Started jobs for seed 5 on GPU 0, GPU 1, GPU 2, and GPU 3
Completed jobs for seed 5
Started jobs for seed 6 on GPU 0, GPU 1, GPU 2, and GPU 3
Completed jobs for seed 6
Started jobs for seed 7 on GPU 0, GPU 1, GPU 2, and GPU 3
Completed jobs for seed 7
Started jobs for seed 8 on GPU 0, GPU 1, GPU 2, and GPU 3
Completed jobs for seed 8
Started jobs for seed 9 on GPU 0, GPU 1, GPU 2, and GPU 3
Completed jobs for seed 9
Started jobs for seed 10 on GPU 0, GPU 1, GPU 2, and GPU 3
Completed jobs for seed 10
Started jobs for seed 11 on GPU 0, GPU 1, GPU 2, and GPU 3
Completed jobs for seed 11
Started jobs for seed 12 on GPU 0, GPU 1, GPU 2, and GPU 3
Completed jobs for seed 12
Started jobs for seed 13 on GPU 0, GPU 1, GPU 2, and GPU 3
Completed jobs for seed 13
Started jobs for seed 14 on GPU 0, GPU 1, GPU 2, and GPU 3
Completed jobs for seed 14
Started jobs for seed 15 on GPU 0, GPU 1, GPU 2, and GPU 3
Completed jobs for seed 15
Started jobs for seed 16 on GPU 0, GPU 1, GPU 2, and GPU 3
Completed jobs for seed 16
Started jobs for seed 17 on GPU 0, GPU 1, GPU 2, and GPU 3
Completed jobs for seed 17
Started jobs for seed 18 on GPU 0, GPU 1, GPU 2, and GPU 3
Completed jobs for seed 18
Started jobs for seed 19 on GPU 0, GPU 1, GPU 2, and GPU 3
Completed jobs for seed 19
Started jobs for seed 20 on GPU 0, GPU 1, GPU 2, and GPU 3
Completed jobs for seed 20
Started jobs for seed 21 on GPU 0, GPU 1, GPU 2, and GPU 3
Completed jobs for seed 21
Started jobs for seed 22 on GPU 0, GPU 1, GPU 2, and GPU 3
Completed jobs for seed 22
Started jobs for seed 23 on GPU 0, GPU 1, GPU 2, and GPU 3
Completed jobs for seed 23
Started jobs for seed 24 on GPU 0, GPU 1, GPU 2, and GPU 3
Completed jobs for seed 24
Started jobs for seed 25 on GPU 0, GPU 1, GPU 2, and GPU 3
Completed jobs for seed 25
Started jobs for seed 26 on GPU 0, GPU 1, GPU 2, and GPU 3
Completed jobs for seed 26
Started jobs for seed 27 on GPU 0, GPU 1, GPU 2, and GPU 3
Completed jobs for seed 27
Started jobs for seed 28 on GPU 0, GPU 1, GPU 2, and GPU 3
Completed jobs for seed 28
Started jobs for seed 29 on GPU 0, GPU 1, GPU 2, and GPU 3
Completed jobs for seed 29
Started jobs for seed 30 on GPU 0, GPU 1, GPU 2, and GPU 3
Completed jobs for seed 30
Started jobs for seed 31 on GPU 0, GPU 1, GPU 2, and GPU 3
Completed jobs for seed 31
Started jobs for seed 32 on GPU 0, GPU 1, GPU 2, and GPU 3
Completed jobs for seed 32
Started jobs for seed 33 on GPU 0, GPU 1, GPU 2, and GPU 3
Completed jobs for seed 33
Started jobs for seed 34 on GPU 0, GPU 1, GPU 2, and GPU 3
Completed jobs for seed 34
Started jobs for seed 35 on GPU 0, GPU 1, GPU 2, and GPU 3
Completed jobs for seed 35
Started jobs for seed 36 on GPU 0, GPU 1, GPU 2, and GPU 3
Completed jobs for seed 36
Started jobs for seed 37 on GPU 0, GPU 1, GPU 2, and GPU 3
Completed jobs for seed 37
Started jobs for seed 38 on GPU 0, GPU 1, GPU 2, and GPU 3
Completed jobs for seed 38
Started jobs for seed 39 on GPU 0, GPU 1, GPU 2, and GPU 3
Completed jobs for seed 39
Started jobs for seed 40 on GPU 0, GPU 1, GPU 2, and GPU 3
Completed jobs for seed 40
Started jobs for seed 41 on GPU 0, GPU 1, GPU 2, and GPU 3
Completed jobs for seed 41
Started jobs for seed 42 on GPU 0, GPU 1, GPU 2, and GPU 3
Completed jobs for seed 42
Started jobs for seed 43 on GPU 0, GPU 1, GPU 2, and GPU 3
Completed jobs for seed 43
Started jobs for seed 44 on GPU 0, GPU 1, GPU 2, and GPU 3
Completed jobs for seed 44
Started jobs for seed 45 on GPU 0, GPU 1, GPU 2, and GPU 3
Completed jobs for seed 45
Started jobs for seed 46 on GPU 0, GPU 1, GPU 2, and GPU 3
Completed jobs for seed 46
Started jobs for seed 47 on GPU 0, GPU 1, GPU 2, and GPU 3
Completed jobs for seed 47
Started jobs for seed 48 on GPU 0, GPU 1, GPU 2, and GPU 3
Completed jobs for seed 48
Started jobs for seed 49 on GPU 0, GPU 1, GPU 2, and GPU 3
Completed jobs for seed 49
Started jobs for seed 50 on GPU 0, GPU 1, GPU 2, and GPU 3
Completed jobs for seed 50
Started jobs for seed 51 on GPU 0, GPU 1, GPU 2, and GPU 3
Completed jobs for seed 51
Started jobs for seed 52 on GPU 0, GPU 1, GPU 2, and GPU 3
Completed jobs for seed 52
Started jobs for seed 53 on GPU 0, GPU 1, GPU 2, and GPU 3
Completed jobs for seed 53
Started jobs for seed 54 on GPU 0, GPU 1, GPU 2, and GPU 3
Completed jobs for seed 54
Started jobs for seed 55 on GPU 0, GPU 1, GPU 2, and GPU 3
Completed jobs for seed 55
Started jobs for seed 56 on GPU 0, GPU 1, GPU 2, and GPU 3
Completed jobs for seed 56
Started jobs for seed 57 on GPU 0, GPU 1, GPU 2, and GPU 3
Completed jobs for seed 57
Started jobs for seed 58 on GPU 0, GPU 1, GPU 2, and GPU 3
Completed jobs for seed 58
Started jobs for seed 59 on GPU 0, GPU 1, GPU 2, and GPU 3
Completed jobs for seed 59
Started jobs for seed 60 on GPU 0, GPU 1, GPU 2, and GPU 3
Completed jobs for seed 60
Started jobs for seed 61 on GPU 0, GPU 1, GPU 2, and GPU 3
Completed jobs for seed 61
Started jobs for seed 62 on GPU 0, GPU 1, GPU 2, and GPU 3
Completed jobs for seed 62
Started jobs for seed 63 on GPU 0, GPU 1, GPU 2, and GPU 3
Completed jobs for seed 63
Started jobs for seed 64 on GPU 0, GPU 1, GPU 2, and GPU 3
Completed jobs for seed 64
Started jobs for seed 65 on GPU 0, GPU 1, GPU 2, and GPU 3
Completed jobs for seed 65
Started jobs for seed 66 on GPU 0, GPU 1, GPU 2, and GPU 3
Completed jobs for seed 66
Started jobs for seed 67 on GPU 0, GPU 1, GPU 2, and GPU 3
Completed jobs for seed 67
Started jobs for seed 68 on GPU 0, GPU 1, GPU 2, and GPU 3
Completed jobs for seed 68
Started jobs for seed 69 on GPU 0, GPU 1, GPU 2, and GPU 3
Completed jobs for seed 69
Started jobs for seed 70 on GPU 0, GPU 1, GPU 2, and GPU 3
Completed jobs for seed 70
Started jobs for seed 71 on GPU 0, GPU 1, GPU 2, and GPU 3
Completed jobs for seed 71
Started jobs for seed 72 on GPU 0, GPU 1, GPU 2, and GPU 3
Completed jobs for seed 72
Started jobs for seed 73 on GPU 0, GPU 1, GPU 2, and GPU 3
Completed jobs for seed 73
Started jobs for seed 74 on GPU 0, GPU 1, GPU 2, and GPU 3
Completed jobs for seed 74
Started jobs for seed 75 on GPU 0, GPU 1, GPU 2, and GPU 3
Completed jobs for seed 75
Started jobs for seed 76 on GPU 0, GPU 1, GPU 2, and GPU 3
Completed jobs for seed 76
Started jobs for seed 77 on GPU 0, GPU 1, GPU 2, and GPU 3
Completed jobs for seed 77
Started jobs for seed 78 on GPU 0, GPU 1, GPU 2, and GPU 3
Completed jobs for seed 78
Started jobs for seed 79 on GPU 0, GPU 1, GPU 2, and GPU 3
Completed jobs for seed 79
Started jobs for seed 80 on GPU 0, GPU 1, GPU 2, and GPU 3
Completed jobs for seed 80
Started jobs for seed 81 on GPU 0, GPU 1, GPU 2, and GPU 3
Completed jobs for seed 81
Started jobs for seed 82 on GPU 0, GPU 1, GPU 2, and GPU 3
Completed jobs for seed 82
Started jobs for seed 83 on GPU 0, GPU 1, GPU 2, and GPU 3
Completed jobs for seed 83
Started jobs for seed 84 on GPU 0, GPU 1, GPU 2, and GPU 3
Completed jobs for seed 84
Started jobs for seed 85 on GPU 0, GPU 1, GPU 2, and GPU 3
Completed jobs for seed 85
Started jobs for seed 86 on GPU 0, GPU 1, GPU 2, and GPU 3
Completed jobs for seed 86
Started jobs for seed 87 on GPU 0, GPU 1, GPU 2, and GPU 3
Completed jobs for seed 87
Started jobs for seed 88 on GPU 0, GPU 1, GPU 2, and GPU 3
Completed jobs for seed 88
Started jobs for seed 89 on GPU 0, GPU 1, GPU 2, and GPU 3
Completed jobs for seed 89
Started jobs for seed 90 on GPU 0, GPU 1, GPU 2, and GPU 3
Completed jobs for seed 90
Started jobs for seed 91 on GPU 0, GPU 1, GPU 2, and GPU 3
Completed jobs for seed 91
Started jobs for seed 92 on GPU 0, GPU 1, GPU 2, and GPU 3
Completed jobs for seed 92
Started jobs for seed 93 on GPU 0, GPU 1, GPU 2, and GPU 3
Completed jobs for seed 93
Started jobs for seed 94 on GPU 0, GPU 1, GPU 2, and GPU 3
Completed jobs for seed 94
Started jobs for seed 95 on GPU 0, GPU 1, GPU 2, and GPU 3
Completed jobs for seed 95
Started jobs for seed 96 on GPU 0, GPU 1, GPU 2, and GPU 3
Completed jobs for seed 96
Started jobs for seed 97 on GPU 0, GPU 1, GPU 2, and GPU 3
Completed jobs for seed 97
Started jobs for seed 98 on GPU 0, GPU 1, GPU 2, and GPU 3
Completed jobs for seed 98
Started jobs for seed 99 on GPU 0, GPU 1, GPU 2, and GPU 3
Completed jobs for seed 99
Started jobs for seed 100 on GPU 0, GPU 1, GPU 2, and GPU 3
Completed jobs for seed 100
Started jobs for seed 101 on GPU 0, GPU 1, GPU 2, and GPU 3
Completed jobs for seed 101
Started jobs for seed 102 on GPU 0, GPU 1, GPU 2, and GPU 3
Completed jobs for seed 102
Started jobs for seed 103 on GPU 0, GPU 1, GPU 2, and GPU 3
Completed jobs for seed 103
Started jobs for seed 104 on GPU 0, GPU 1, GPU 2, and GPU 3
Completed jobs for seed 104
Started jobs for seed 105 on GPU 0, GPU 1, GPU 2, and GPU 3
Completed jobs for seed 105
Started jobs for seed 106 on GPU 0, GPU 1, GPU 2, and GPU 3
Completed jobs for seed 106
Started jobs for seed 107 on GPU 0, GPU 1, GPU 2, and GPU 3
Completed jobs for seed 107
Started jobs for seed 108 on GPU 0, GPU 1, GPU 2, and GPU 3
Completed jobs for seed 108
Started jobs for seed 109 on GPU 0, GPU 1, GPU 2, and GPU 3
Completed jobs for seed 109
Started jobs for seed 110 on GPU 0, GPU 1, GPU 2, and GPU 3
Completed jobs for seed 110
Started jobs for seed 111 on GPU 0, GPU 1, GPU 2, and GPU 3
Completed jobs for seed 111
Started jobs for seed 112 on GPU 0, GPU 1, GPU 2, and GPU 3
Completed jobs for seed 112
Started jobs for seed 113 on GPU 0, GPU 1, GPU 2, and GPU 3
Completed jobs for seed 113
Started jobs for seed 114 on GPU 0, GPU 1, GPU 2, and GPU 3
Completed jobs for seed 114
Started jobs for seed 115 on GPU 0, GPU 1, GPU 2, and GPU 3
Completed jobs for seed 115
Started jobs for seed 116 on GPU 0, GPU 1, GPU 2, and GPU 3
Completed jobs for seed 116
Started jobs for seed 117 on GPU 0, GPU 1, GPU 2, and GPU 3
Completed jobs for seed 117
Started jobs for seed 118 on GPU 0, GPU 1, GPU 2, and GPU 3
Completed jobs for seed 118
Started jobs for seed 119 on GPU 0, GPU 1, GPU 2, and GPU 3
Completed jobs for seed 119
Started jobs for seed 120 on GPU 0, GPU 1, GPU 2, and GPU 3
Completed jobs for seed 120
Started jobs for seed 121 on GPU 0, GPU 1, GPU 2, and GPU 3
Completed jobs for seed 121
Started jobs for seed 122 on GPU 0, GPU 1, GPU 2, and GPU 3
Completed jobs for seed 122
Started jobs for seed 123 on GPU 0, GPU 1, GPU 2, and GPU 3
Completed jobs for seed 123
Started jobs for seed 124 on GPU 0, GPU 1, GPU 2, and GPU 3
Completed jobs for seed 124
Started jobs for seed 125 on GPU 0, GPU 1, GPU 2, and GPU 3
Completed jobs for seed 125
Started jobs for seed 126 on GPU 0, GPU 1, GPU 2, and GPU 3
Completed jobs for seed 126
Started jobs for seed 127 on GPU 0, GPU 1, GPU 2, and GPU 3
Completed jobs for seed 127
Started jobs for seed 128 on GPU 0, GPU 1, GPU 2, and GPU 3
Completed jobs for seed 128
Started jobs for seed 129 on GPU 0, GPU 1, GPU 2, and GPU 3
Completed jobs for seed 129
Started jobs for seed 130 on GPU 0, GPU 1, GPU 2, and GPU 3
Completed jobs for seed 130
Started jobs for seed 131 on GPU 0, GPU 1, GPU 2, and GPU 3
Completed jobs for seed 131
Started jobs for seed 132 on GPU 0, GPU 1, GPU 2, and GPU 3
Completed jobs for seed 132
Started jobs for seed 133 on GPU 0, GPU 1, GPU 2, and GPU 3
Completed jobs for seed 133
Started jobs for seed 134 on GPU 0, GPU 1, GPU 2, and GPU 3
Completed jobs for seed 134
Started jobs for seed 135 on GPU 0, GPU 1, GPU 2, and GPU 3
Completed jobs for seed 135
Started jobs for seed 136 on GPU 0, GPU 1, GPU 2, and GPU 3
Completed jobs for seed 136
Started jobs for seed 137 on GPU 0, GPU 1, GPU 2, and GPU 3
Completed jobs for seed 137
Started jobs for seed 138 on GPU 0, GPU 1, GPU 2, and GPU 3
Completed jobs for seed 138
Started jobs for seed 139 on GPU 0, GPU 1, GPU 2, and GPU 3
Completed jobs for seed 139
Started jobs for seed 140 on GPU 0, GPU 1, GPU 2, and GPU 3
Completed jobs for seed 140
Started jobs for seed 141 on GPU 0, GPU 1, GPU 2, and GPU 3
Completed jobs for seed 141
Started jobs for seed 142 on GPU 0, GPU 1, GPU 2, and GPU 3
Completed jobs for seed 142
Started jobs for seed 143 on GPU 0, GPU 1, GPU 2, and GPU 3
Completed jobs for seed 143
Started jobs for seed 144 on GPU 0, GPU 1, GPU 2, and GPU 3
Completed jobs for seed 144
Started jobs for seed 145 on GPU 0, GPU 1, GPU 2, and GPU 3
Completed jobs for seed 145
Started jobs for seed 146 on GPU 0, GPU 1, GPU 2, and GPU 3
Completed jobs for seed 146
Started jobs for seed 147 on GPU 0, GPU 1, GPU 2, and GPU 3
Completed jobs for seed 147
Started jobs for seed 148 on GPU 0, GPU 1, GPU 2, and GPU 3
Completed jobs for seed 148
Started jobs for seed 149 on GPU 0, GPU 1, GPU 2, and GPU 3
Completed jobs for seed 149
All jobs have been completed.
Started jobs for seed 0 on GPU 0, GPU 1, GPU 2, and GPU 3
Completed jobs for seed 0
Started jobs for seed 1 on GPU 0, GPU 1, GPU 2, and GPU 3
Completed jobs for seed 1
Started jobs for seed 2 on GPU 0, GPU 1, GPU 2, and GPU 3
Completed jobs for seed 2
Started jobs for seed 3 on GPU 0, GPU 1, GPU 2, and GPU 3
Completed jobs for seed 3
Started jobs for seed 4 on GPU 0, GPU 1, GPU 2, and GPU 3
Completed jobs for seed 4
Started jobs for seed 5 on GPU 0, GPU 1, GPU 2, and GPU 3
Completed jobs for seed 5
Started jobs for seed 6 on GPU 0, GPU 1, GPU 2, and GPU 3
Completed jobs for seed 6
Started jobs for seed 7 on GPU 0, GPU 1, GPU 2, and GPU 3
Completed jobs for seed 7
Started jobs for seed 8 on GPU 0, GPU 1, GPU 2, and GPU 3
Started jobs for seed 0 on GPU 0, GPU 1, GPU 2, and GPU 3
Completed jobs for seed 0
Started jobs for seed 1 on GPU 0, GPU 1, GPU 2, and GPU 3
Completed jobs for seed 1
Started jobs for seed 2 on GPU 0, GPU 1, GPU 2, and GPU 3
Completed jobs for seed 2
Started jobs for seed 3 on GPU 0, GPU 1, GPU 2, and GPU 3
Completed jobs for seed 3
Started jobs for seed 4 on GPU 0, GPU 1, GPU 2, and GPU 3
Completed jobs for seed 4
Started jobs for seed 5 on GPU 0, GPU 1, GPU 2, and GPU 3
Completed jobs for seed 5
Started jobs for seed 6 on GPU 0, GPU 1, GPU 2, and GPU 3
Completed jobs for seed 6
Started jobs for seed 7 on GPU 0, GPU 1, GPU 2, and GPU 3
Completed jobs for seed 7
Started jobs for seed 8 on GPU 0, GPU 1, GPU 2, and GPU 3
Completed jobs for seed 8
Started jobs for seed 9 on GPU 0, GPU 1, GPU 2, and GPU 3
Completed jobs for seed 9
Started jobs for seed 10 on GPU 0, GPU 1, GPU 2, and GPU 3
Completed jobs for seed 10
Started jobs for seed 11 on GPU 0, GPU 1, GPU 2, and GPU 3
Completed jobs for seed 11
Started jobs for seed 12 on GPU 0, GPU 1, GPU 2, and GPU 3
Completed jobs for seed 12
Started jobs for seed 13 on GPU 0, GPU 1, GPU 2, and GPU 3
Completed jobs for seed 13
Started jobs for seed 14 on GPU 0, GPU 1, GPU 2, and GPU 3
Completed jobs for seed 14
Started jobs for seed 15 on GPU 0, GPU 1, GPU 2, and GPU 3
Completed jobs for seed 15
Started jobs for seed 16 on GPU 0, GPU 1, GPU 2, and GPU 3
Completed jobs for seed 16
Started jobs for seed 17 on GPU 0, GPU 1, GPU 2, and GPU 3
Completed jobs for seed 17
Started jobs for seed 18 on GPU 0, GPU 1, GPU 2, and GPU 3
Completed jobs for seed 18
Started jobs for seed 19 on GPU 0, GPU 1, GPU 2, and GPU 3
Completed jobs for seed 19
Started jobs for seed 20 on GPU 0, GPU 1, GPU 2, and GPU 3
Completed jobs for seed 20
Started jobs for seed 21 on GPU 0, GPU 1, GPU 2, and GPU 3
Completed jobs for seed 21
Started jobs for seed 22 on GPU 0, GPU 1, GPU 2, and GPU 3
Completed jobs for seed 22
Started jobs for seed 23 on GPU 0, GPU 1, GPU 2, and GPU 3
Completed jobs for seed 23
Started jobs for seed 24 on GPU 0, GPU 1, GPU 2, and GPU 3
Completed jobs for seed 24
Started jobs for seed 25 on GPU 0, GPU 1, GPU 2, and GPU 3
Completed jobs for seed 25
Started jobs for seed 26 on GPU 0, GPU 1, GPU 2, and GPU 3
Completed jobs for seed 26
Started jobs for seed 27 on GPU 0, GPU 1, GPU 2, and GPU 3
Completed jobs for seed 27
Started jobs for seed 28 on GPU 0, GPU 1, GPU 2, and GPU 3
Completed jobs for seed 28
Started jobs for seed 29 on GPU 0, GPU 1, GPU 2, and GPU 3
Completed jobs for seed 29
Started jobs for seed 30 on GPU 0, GPU 1, GPU 2, and GPU 3
Completed jobs for seed 30
Started jobs for seed 31 on GPU 0, GPU 1, GPU 2, and GPU 3
Completed jobs for seed 31
Started jobs for seed 32 on GPU 0, GPU 1, GPU 2, and GPU 3
Completed jobs for seed 32
Started jobs for seed 33 on GPU 0, GPU 1, GPU 2, and GPU 3
Completed jobs for seed 33
Started jobs for seed 34 on GPU 0, GPU 1, GPU 2, and GPU 3
Completed jobs for seed 34
Started jobs for seed 35 on GPU 0, GPU 1, GPU 2, and GPU 3
Completed jobs for seed 35
Started jobs for seed 36 on GPU 0, GPU 1, GPU 2, and GPU 3
Completed jobs for seed 36
Started jobs for seed 37 on GPU 0, GPU 1, GPU 2, and GPU 3
Completed jobs for seed 37
Started jobs for seed 38 on GPU 0, GPU 1, GPU 2, and GPU 3
Completed jobs for seed 38
Started jobs for seed 39 on GPU 0, GPU 1, GPU 2, and GPU 3
Completed jobs for seed 39
Started jobs for seed 40 on GPU 0, GPU 1, GPU 2, and GPU 3
Completed jobs for seed 40
Started jobs for seed 41 on GPU 0, GPU 1, GPU 2, and GPU 3
Completed jobs for seed 41
Started jobs for seed 42 on GPU 0, GPU 1, GPU 2, and GPU 3
Completed jobs for seed 42
Started jobs for seed 43 on GPU 0, GPU 1, GPU 2, and GPU 3
Completed jobs for seed 43
Started jobs for seed 44 on GPU 0, GPU 1, GPU 2, and GPU 3
Completed jobs for seed 44
Started jobs for seed 45 on GPU 0, GPU 1, GPU 2, and GPU 3
Completed jobs for seed 45
Started jobs for seed 46 on GPU 0, GPU 1, GPU 2, and GPU 3
Completed jobs for seed 46
Started jobs for seed 47 on GPU 0, GPU 1, GPU 2, and GPU 3
Completed jobs for seed 47
Started jobs for seed 48 on GPU 0, GPU 1, GPU 2, and GPU 3
Completed jobs for seed 48
Started jobs for seed 49 on GPU 0, GPU 1, GPU 2, and GPU 3
Completed jobs for seed 49
Started jobs for seed 50 on GPU 0, GPU 1, GPU 2, and GPU 3
Completed jobs for seed 50
Started jobs for seed 51 on GPU 0, GPU 1, GPU 2, and GPU 3
Completed jobs for seed 51
Started jobs for seed 52 on GPU 0, GPU 1, GPU 2, and GPU 3
Completed jobs for seed 52
Started jobs for seed 53 on GPU 0, GPU 1, GPU 2, and GPU 3
Completed jobs for seed 53
Started jobs for seed 54 on GPU 0, GPU 1, GPU 2, and GPU 3
Completed jobs for seed 54
Started jobs for seed 55 on GPU 0, GPU 1, GPU 2, and GPU 3
Completed jobs for seed 55
Started jobs for seed 56 on GPU 0, GPU 1, GPU 2, and GPU 3
Completed jobs for seed 56
Started jobs for seed 57 on GPU 0, GPU 1, GPU 2, and GPU 3
Completed jobs for seed 57
Started jobs for seed 58 on GPU 0, GPU 1, GPU 2, and GPU 3
Completed jobs for seed 58
Started jobs for seed 59 on GPU 0, GPU 1, GPU 2, and GPU 3
Completed jobs for seed 59
Started jobs for seed 60 on GPU 0, GPU 1, GPU 2, and GPU 3
Completed jobs for seed 60
Started jobs for seed 61 on GPU 0, GPU 1, GPU 2, and GPU 3
Completed jobs for seed 61
Started jobs for seed 62 on GPU 0, GPU 1, GPU 2, and GPU 3
Completed jobs for seed 62
Started jobs for seed 63 on GPU 0, GPU 1, GPU 2, and GPU 3
Completed jobs for seed 63
Started jobs for seed 64 on GPU 0, GPU 1, GPU 2, and GPU 3
Completed jobs for seed 64
Started jobs for seed 65 on GPU 0, GPU 1, GPU 2, and GPU 3
Completed jobs for seed 65
Started jobs for seed 66 on GPU 0, GPU 1, GPU 2, and GPU 3
Completed jobs for seed 66
Started jobs for seed 67 on GPU 0, GPU 1, GPU 2, and GPU 3
Completed jobs for seed 67
Started jobs for seed 68 on GPU 0, GPU 1, GPU 2, and GPU 3
Completed jobs for seed 68
Started jobs for seed 69 on GPU 0, GPU 1, GPU 2, and GPU 3
Completed jobs for seed 69
Started jobs for seed 70 on GPU 0, GPU 1, GPU 2, and GPU 3
Completed jobs for seed 70
Started jobs for seed 71 on GPU 0, GPU 1, GPU 2, and GPU 3
Completed jobs for seed 71
Started jobs for seed 72 on GPU 0, GPU 1, GPU 2, and GPU 3
Completed jobs for seed 72
Started jobs for seed 73 on GPU 0, GPU 1, GPU 2, and GPU 3
Completed jobs for seed 73
Started jobs for seed 74 on GPU 0, GPU 1, GPU 2, and GPU 3
Completed jobs for seed 74
Started jobs for seed 75 on GPU 0, GPU 1, GPU 2, and GPU 3
Completed jobs for seed 75
Started jobs for seed 76 on GPU 0, GPU 1, GPU 2, and GPU 3
Completed jobs for seed 76
Started jobs for seed 77 on GPU 0, GPU 1, GPU 2, and GPU 3
Completed jobs for seed 77
Started jobs for seed 78 on GPU 0, GPU 1, GPU 2, and GPU 3
Completed jobs for seed 78
Started jobs for seed 79 on GPU 0, GPU 1, GPU 2, and GPU 3
Completed jobs for seed 79
Started jobs for seed 80 on GPU 0, GPU 1, GPU 2, and GPU 3
Completed jobs for seed 80
Started jobs for seed 81 on GPU 0, GPU 1, GPU 2, and GPU 3
Completed jobs for seed 81
Started jobs for seed 82 on GPU 0, GPU 1, GPU 2, and GPU 3
Completed jobs for seed 82
Started jobs for seed 83 on GPU 0, GPU 1, GPU 2, and GPU 3
Completed jobs for seed 83
Started jobs for seed 84 on GPU 0, GPU 1, GPU 2, and GPU 3
Completed jobs for seed 84
Started jobs for seed 85 on GPU 0, GPU 1, GPU 2, and GPU 3
Completed jobs for seed 85
Started jobs for seed 86 on GPU 0, GPU 1, GPU 2, and GPU 3
Completed jobs for seed 86
Started jobs for seed 87 on GPU 0, GPU 1, GPU 2, and GPU 3
Completed jobs for seed 87
Started jobs for seed 88 on GPU 0, GPU 1, GPU 2, and GPU 3
Completed jobs for seed 88
Started jobs for seed 89 on GPU 0, GPU 1, GPU 2, and GPU 3
Completed jobs for seed 89
Started jobs for seed 90 on GPU 0, GPU 1, GPU 2, and GPU 3
Completed jobs for seed 90
Started jobs for seed 91 on GPU 0, GPU 1, GPU 2, and GPU 3
Completed jobs for seed 91
Started jobs for seed 92 on GPU 0, GPU 1, GPU 2, and GPU 3
Completed jobs for seed 92
Started jobs for seed 93 on GPU 0, GPU 1, GPU 2, and GPU 3
Completed jobs for seed 93
Started jobs for seed 94 on GPU 0, GPU 1, GPU 2, and GPU 3
Completed jobs for seed 94
Started jobs for seed 95 on GPU 0, GPU 1, GPU 2, and GPU 3
Completed jobs for seed 95
Started jobs for seed 96 on GPU 0, GPU 1, GPU 2, and GPU 3
Completed jobs for seed 96
Started jobs for seed 97 on GPU 0, GPU 1, GPU 2, and GPU 3
Completed jobs for seed 97
Started jobs for seed 98 on GPU 0, GPU 1, GPU 2, and GPU 3
Completed jobs for seed 98
Started jobs for seed 99 on GPU 0, GPU 1, GPU 2, and GPU 3
Completed jobs for seed 99
Started jobs for seed 100 on GPU 0, GPU 1, GPU 2, and GPU 3
Completed jobs for seed 100
Started jobs for seed 101 on GPU 0, GPU 1, GPU 2, and GPU 3
Completed jobs for seed 101
Started jobs for seed 102 on GPU 0, GPU 1, GPU 2, and GPU 3
Completed jobs for seed 102
Started jobs for seed 103 on GPU 0, GPU 1, GPU 2, and GPU 3
Completed jobs for seed 103
Started jobs for seed 104 on GPU 0, GPU 1, GPU 2, and GPU 3
Completed jobs for seed 104
Started jobs for seed 105 on GPU 0, GPU 1, GPU 2, and GPU 3
Completed jobs for seed 105
Started jobs for seed 106 on GPU 0, GPU 1, GPU 2, and GPU 3
Completed jobs for seed 106
Started jobs for seed 107 on GPU 0, GPU 1, GPU 2, and GPU 3
Completed jobs for seed 107
Started jobs for seed 108 on GPU 0, GPU 1, GPU 2, and GPU 3
Completed jobs for seed 108
Started jobs for seed 109 on GPU 0, GPU 1, GPU 2, and GPU 3
Completed jobs for seed 109
Started jobs for seed 110 on GPU 0, GPU 1, GPU 2, and GPU 3
Completed jobs for seed 110
Started jobs for seed 111 on GPU 0, GPU 1, GPU 2, and GPU 3
Completed jobs for seed 111
Started jobs for seed 112 on GPU 0, GPU 1, GPU 2, and GPU 3
Completed jobs for seed 112
Started jobs for seed 113 on GPU 0, GPU 1, GPU 2, and GPU 3
Completed jobs for seed 113
Started jobs for seed 114 on GPU 0, GPU 1, GPU 2, and GPU 3
Completed jobs for seed 114
Started jobs for seed 115 on GPU 0, GPU 1, GPU 2, and GPU 3
Completed jobs for seed 115
Started jobs for seed 116 on GPU 0, GPU 1, GPU 2, and GPU 3
Completed jobs for seed 116
Started jobs for seed 117 on GPU 0, GPU 1, GPU 2, and GPU 3
Completed jobs for seed 117
Started jobs for seed 118 on GPU 0, GPU 1, GPU 2, and GPU 3
Completed jobs for seed 118
Started jobs for seed 119 on GPU 0, GPU 1, GPU 2, and GPU 3
Completed jobs for seed 119
Started jobs for seed 120 on GPU 0, GPU 1, GPU 2, and GPU 3
Completed jobs for seed 120
Started jobs for seed 121 on GPU 0, GPU 1, GPU 2, and GPU 3
Completed jobs for seed 121
Started jobs for seed 122 on GPU 0, GPU 1, GPU 2, and GPU 3
Completed jobs for seed 122
Started jobs for seed 123 on GPU 0, GPU 1, GPU 2, and GPU 3
Completed jobs for seed 123
Started jobs for seed 124 on GPU 0, GPU 1, GPU 2, and GPU 3
Completed jobs for seed 124
Started jobs for seed 125 on GPU 0, GPU 1, GPU 2, and GPU 3
Completed jobs for seed 125
Started jobs for seed 126 on GPU 0, GPU 1, GPU 2, and GPU 3
Completed jobs for seed 126
Started jobs for seed 127 on GPU 0, GPU 1, GPU 2, and GPU 3
Completed jobs for seed 127
Started jobs for seed 128 on GPU 0, GPU 1, GPU 2, and GPU 3
Completed jobs for seed 128
Started jobs for seed 129 on GPU 0, GPU 1, GPU 2, and GPU 3
Completed jobs for seed 129
Started jobs for seed 130 on GPU 0, GPU 1, GPU 2, and GPU 3
Completed jobs for seed 130
Started jobs for seed 131 on GPU 0, GPU 1, GPU 2, and GPU 3
Completed jobs for seed 131
Started jobs for seed 132 on GPU 0, GPU 1, GPU 2, and GPU 3
Completed jobs for seed 132
Started jobs for seed 133 on GPU 0, GPU 1, GPU 2, and GPU 3
Completed jobs for seed 133
Started jobs for seed 134 on GPU 0, GPU 1, GPU 2, and GPU 3
Completed jobs for seed 134
Started jobs for seed 135 on GPU 0, GPU 1, GPU 2, and GPU 3
Completed jobs for seed 135
Started jobs for seed 136 on GPU 0, GPU 1, GPU 2, and GPU 3
Completed jobs for seed 136
Started jobs for seed 137 on GPU 0, GPU 1, GPU 2, and GPU 3
Completed jobs for seed 137
Started jobs for seed 138 on GPU 0, GPU 1, GPU 2, and GPU 3
Completed jobs for seed 138
Started jobs for seed 139 on GPU 0, GPU 1, GPU 2, and GPU 3
Completed jobs for seed 139
Started jobs for seed 140 on GPU 0, GPU 1, GPU 2, and GPU 3
Completed jobs for seed 140
Started jobs for seed 141 on GPU 0, GPU 1, GPU 2, and GPU 3
Completed jobs for seed 141
Started jobs for seed 142 on GPU 0, GPU 1, GPU 2, and GPU 3
Completed jobs for seed 142
Started jobs for seed 143 on GPU 0, GPU 1, GPU 2, and GPU 3
Completed jobs for seed 143
Started jobs for seed 144 on GPU 0, GPU 1, GPU 2, and GPU 3
Completed jobs for seed 144
Started jobs for seed 145 on GPU 0, GPU 1, GPU 2, and GPU 3
Completed jobs for seed 145
Started jobs for seed 146 on GPU 0, GPU 1, GPU 2, and GPU 3
Completed jobs for seed 146
Started jobs for seed 147 on GPU 0, GPU 1, GPU 2, and GPU 3
Completed jobs for seed 147
Started jobs for seed 148 on GPU 0, GPU 1, GPU 2, and GPU 3
Completed jobs for seed 148
Started jobs for seed 149 on GPU 0, GPU 1, GPU 2, and GPU 3
Completed jobs for seed 149
All jobs have been completed.
Started jobs for seed 0 on GPU 0, GPU 1, GPU 2, and GPU 3
Started jobs for seed 0 on GPU 0, GPU 1, GPU 2, and GPU 3
Completed jobs for seed 0
Started jobs for seed 1 on GPU 0, GPU 1, GPU 2, and GPU 3
Completed jobs for seed 0
Started jobs for seed 1 on GPU 0, GPU 1, GPU 2, and GPU 3
Completed jobs for seed 1
Started jobs for seed 2 on GPU 0, GPU 1, GPU 2, and GPU 3
Completed jobs for seed 2
Started jobs for seed 3 on GPU 0, GPU 1, GPU 2, and GPU 3
Completed jobs for seed 1
Started jobs for seed 2 on GPU 0, GPU 1, GPU 2, and GPU 3
Completed jobs for seed 3
Started jobs for seed 4 on GPU 0, GPU 1, GPU 2, and GPU 3
Completed jobs for seed 4
Started jobs for seed 5 on GPU 0, GPU 1, GPU 2, and GPU 3
Completed jobs for seed 5
Started jobs for seed 6 on GPU 0, GPU 1, GPU 2, and GPU 3
Completed jobs for seed 2
Started jobs for seed 3 on GPU 0, GPU 1, GPU 2, and GPU 3
Completed jobs for seed 6
Started jobs for seed 7 on GPU 0, GPU 1, GPU 2, and GPU 3
Completed jobs for seed 7
Started jobs for seed 8 on GPU 0, GPU 1, GPU 2, and GPU 3
Completed jobs for seed 3
Started jobs for seed 4 on GPU 0, GPU 1, GPU 2, and GPU 3
Completed jobs for seed 8
Started jobs for seed 9 on GPU 0, GPU 1, GPU 2, and GPU 3
Completed jobs for seed 9
Started jobs for seed 10 on GPU 0, GPU 1, GPU 2, and GPU 3
Completed jobs for seed 4
Started jobs for seed 5 on GPU 0, GPU 1, GPU 2, and GPU 3
Completed jobs for seed 10
Started jobs for seed 11 on GPU 0, GPU 1, GPU 2, and GPU 3
Completed jobs for seed 11
Started jobs for seed 12 on GPU 0, GPU 1, GPU 2, and GPU 3
Completed jobs for seed 5
Started jobs for seed 6 on GPU 0, GPU 1, GPU 2, and GPU 3
Completed jobs for seed 12
Started jobs for seed 13 on GPU 0, GPU 1, GPU 2, and GPU 3
Completed jobs for seed 13
Started jobs for seed 14 on GPU 0, GPU 1, GPU 2, and GPU 3
Completed jobs for seed 14
Started jobs for seed 15 on GPU 0, GPU 1, GPU 2, and GPU 3
Completed jobs for seed 6
Started jobs for seed 7 on GPU 0, GPU 1, GPU 2, and GPU 3
Completed jobs for seed 15
Started jobs for seed 16 on GPU 0, GPU 1, GPU 2, and GPU 3
Completed jobs for seed 16
Started jobs for seed 17 on GPU 0, GPU 1, GPU 2, and GPU 3
Completed jobs for seed 7
Started jobs for seed 8 on GPU 0, GPU 1, GPU 2, and GPU 3
Completed jobs for seed 17
Started jobs for seed 18 on GPU 0, GPU 1, GPU 2, and GPU 3
Completed jobs for seed 18
Started jobs for seed 19 on GPU 0, GPU 1, GPU 2, and GPU 3
Completed jobs for seed 8
Started jobs for seed 9 on GPU 0, GPU 1, GPU 2, and GPU 3
Completed jobs for seed 19
Started jobs for seed 20 on GPU 0, GPU 1, GPU 2, and GPU 3
Completed jobs for seed 20
Started jobs for seed 21 on GPU 0, GPU 1, GPU 2, and GPU 3
Completed jobs for seed 9
Started jobs for seed 10 on GPU 0, GPU 1, GPU 2, and GPU 3
Completed jobs for seed 21
Started jobs for seed 22 on GPU 0, GPU 1, GPU 2, and GPU 3
Completed jobs for seed 22
Started jobs for seed 23 on GPU 0, GPU 1, GPU 2, and GPU 3
Completed jobs for seed 10
Started jobs for seed 11 on GPU 0, GPU 1, GPU 2, and GPU 3
Completed jobs for seed 23
Started jobs for seed 24 on GPU 0, GPU 1, GPU 2, and GPU 3
Completed jobs for seed 24
Started jobs for seed 25 on GPU 0, GPU 1, GPU 2, and GPU 3
Completed jobs for seed 25
Started jobs for seed 26 on GPU 0, GPU 1, GPU 2, and GPU 3
Completed jobs for seed 11
Started jobs for seed 12 on GPU 0, GPU 1, GPU 2, and GPU 3
Completed jobs for seed 26
Started jobs for seed 27 on GPU 0, GPU 1, GPU 2, and GPU 3
Completed jobs for seed 27
Started jobs for seed 28 on GPU 0, GPU 1, GPU 2, and GPU 3
Completed jobs for seed 12
Started jobs for seed 13 on GPU 0, GPU 1, GPU 2, and GPU 3
Completed jobs for seed 28
Started jobs for seed 29 on GPU 0, GPU 1, GPU 2, and GPU 3
Completed jobs for seed 29
Started jobs for seed 30 on GPU 0, GPU 1, GPU 2, and GPU 3
Completed jobs for seed 13
Started jobs for seed 14 on GPU 0, GPU 1, GPU 2, and GPU 3
Completed jobs for seed 30
Started jobs for seed 31 on GPU 0, GPU 1, GPU 2, and GPU 3
Completed jobs for seed 31
Started jobs for seed 32 on GPU 0, GPU 1, GPU 2, and GPU 3
Completed jobs for seed 14
Started jobs for seed 15 on GPU 0, GPU 1, GPU 2, and GPU 3
Completed jobs for seed 32
Started jobs for seed 33 on GPU 0, GPU 1, GPU 2, and GPU 3
Completed jobs for seed 33
Started jobs for seed 34 on GPU 0, GPU 1, GPU 2, and GPU 3
Completed jobs for seed 15
Started jobs for seed 16 on GPU 0, GPU 1, GPU 2, and GPU 3
Completed jobs for seed 34
Started jobs for seed 35 on GPU 0, GPU 1, GPU 2, and GPU 3
Completed jobs for seed 35
Started jobs for seed 36 on GPU 0, GPU 1, GPU 2, and GPU 3
Completed jobs for seed 36
Started jobs for seed 37 on GPU 0, GPU 1, GPU 2, and GPU 3
Completed jobs for seed 16
Started jobs for seed 17 on GPU 0, GPU 1, GPU 2, and GPU 3
Completed jobs for seed 37
Started jobs for seed 38 on GPU 0, GPU 1, GPU 2, and GPU 3
Completed jobs for seed 38
Started jobs for seed 39 on GPU 0, GPU 1, GPU 2, and GPU 3
Completed jobs for seed 17
Started jobs for seed 18 on GPU 0, GPU 1, GPU 2, and GPU 3
Completed jobs for seed 39
Started jobs for seed 40 on GPU 0, GPU 1, GPU 2, and GPU 3
Completed jobs for seed 40
Started jobs for seed 41 on GPU 0, GPU 1, GPU 2, and GPU 3
Completed jobs for seed 18
Started jobs for seed 19 on GPU 0, GPU 1, GPU 2, and GPU 3
Completed jobs for seed 41
Started jobs for seed 42 on GPU 0, GPU 1, GPU 2, and GPU 3
Completed jobs for seed 42
Started jobs for seed 43 on GPU 0, GPU 1, GPU 2, and GPU 3
Completed jobs for seed 19
Started jobs for seed 20 on GPU 0, GPU 1, GPU 2, and GPU 3
Completed jobs for seed 43
Started jobs for seed 44 on GPU 0, GPU 1, GPU 2, and GPU 3
Completed jobs for seed 44
Started jobs for seed 45 on GPU 0, GPU 1, GPU 2, and GPU 3
Completed jobs for seed 20
Started jobs for seed 21 on GPU 0, GPU 1, GPU 2, and GPU 3
Completed jobs for seed 45
Started jobs for seed 46 on GPU 0, GPU 1, GPU 2, and GPU 3
Completed jobs for seed 46
Started jobs for seed 47 on GPU 0, GPU 1, GPU 2, and GPU 3
Completed jobs for seed 47
Started jobs for seed 48 on GPU 0, GPU 1, GPU 2, and GPU 3
Completed jobs for seed 21
Started jobs for seed 22 on GPU 0, GPU 1, GPU 2, and GPU 3
Completed jobs for seed 48
Started jobs for seed 49 on GPU 0, GPU 1, GPU 2, and GPU 3
Completed jobs for seed 49
Started jobs for seed 50 on GPU 0, GPU 1, GPU 2, and GPU 3
Completed jobs for seed 22
Started jobs for seed 23 on GPU 0, GPU 1, GPU 2, and GPU 3
Completed jobs for seed 50
Started jobs for seed 51 on GPU 0, GPU 1, GPU 2, and GPU 3
Completed jobs for seed 51
Started jobs for seed 52 on GPU 0, GPU 1, GPU 2, and GPU 3
Completed jobs for seed 23
Started jobs for seed 24 on GPU 0, GPU 1, GPU 2, and GPU 3
Completed jobs for seed 52
Started jobs for seed 53 on GPU 0, GPU 1, GPU 2, and GPU 3
Completed jobs for seed 53
Started jobs for seed 54 on GPU 0, GPU 1, GPU 2, and GPU 3
Completed jobs for seed 24
Started jobs for seed 25 on GPU 0, GPU 1, GPU 2, and GPU 3
Completed jobs for seed 54
Started jobs for seed 55 on GPU 0, GPU 1, GPU 2, and GPU 3
Completed jobs for seed 55
Started jobs for seed 56 on GPU 0, GPU 1, GPU 2, and GPU 3
Completed jobs for seed 25
Started jobs for seed 26 on GPU 0, GPU 1, GPU 2, and GPU 3
Completed jobs for seed 56
Started jobs for seed 57 on GPU 0, GPU 1, GPU 2, and GPU 3
Completed jobs for seed 57
Started jobs for seed 58 on GPU 0, GPU 1, GPU 2, and GPU 3
Completed jobs for seed 58
Started jobs for seed 59 on GPU 0, GPU 1, GPU 2, and GPU 3
Completed jobs for seed 26
Started jobs for seed 27 on GPU 0, GPU 1, GPU 2, and GPU 3
Completed jobs for seed 59
Started jobs for seed 60 on GPU 0, GPU 1, GPU 2, and GPU 3
Completed jobs for seed 60
Started jobs for seed 61 on GPU 0, GPU 1, GPU 2, and GPU 3
Completed jobs for seed 27
Started jobs for seed 28 on GPU 0, GPU 1, GPU 2, and GPU 3
Completed jobs for seed 61
Started jobs for seed 62 on GPU 0, GPU 1, GPU 2, and GPU 3
Completed jobs for seed 62
Started jobs for seed 63 on GPU 0, GPU 1, GPU 2, and GPU 3
Completed jobs for seed 28
Started jobs for seed 29 on GPU 0, GPU 1, GPU 2, and GPU 3
Completed jobs for seed 63
Started jobs for seed 64 on GPU 0, GPU 1, GPU 2, and GPU 3
Completed jobs for seed 64
Started jobs for seed 65 on GPU 0, GPU 1, GPU 2, and GPU 3
Completed jobs for seed 29
Started jobs for seed 30 on GPU 0, GPU 1, GPU 2, and GPU 3
Completed jobs for seed 65
Started jobs for seed 66 on GPU 0, GPU 1, GPU 2, and GPU 3
Completed jobs for seed 66
Started jobs for seed 67 on GPU 0, GPU 1, GPU 2, and GPU 3
Completed jobs for seed 67
Started jobs for seed 68 on GPU 0, GPU 1, GPU 2, and GPU 3
Completed jobs for seed 30
Started jobs for seed 31 on GPU 0, GPU 1, GPU 2, and GPU 3
Completed jobs for seed 68
Started jobs for seed 69 on GPU 0, GPU 1, GPU 2, and GPU 3
Completed jobs for seed 69
Started jobs for seed 70 on GPU 0, GPU 1, GPU 2, and GPU 3
Completed jobs for seed 31
Started jobs for seed 32 on GPU 0, GPU 1, GPU 2, and GPU 3
Completed jobs for seed 70
Started jobs for seed 71 on GPU 0, GPU 1, GPU 2, and GPU 3
Completed jobs for seed 71
Started jobs for seed 72 on GPU 0, GPU 1, GPU 2, and GPU 3
Completed jobs for seed 32
Started jobs for seed 33 on GPU 0, GPU 1, GPU 2, and GPU 3
Completed jobs for seed 72
Started jobs for seed 73 on GPU 0, GPU 1, GPU 2, and GPU 3
Completed jobs for seed 73
Started jobs for seed 74 on GPU 0, GPU 1, GPU 2, and GPU 3
Completed jobs for seed 33
Started jobs for seed 34 on GPU 0, GPU 1, GPU 2, and GPU 3
Completed jobs for seed 74
Started jobs for seed 75 on GPU 0, GPU 1, GPU 2, and GPU 3
Completed jobs for seed 75
Started jobs for seed 76 on GPU 0, GPU 1, GPU 2, and GPU 3
Completed jobs for seed 34
Started jobs for seed 35 on GPU 0, GPU 1, GPU 2, and GPU 3
Completed jobs for seed 76
Started jobs for seed 77 on GPU 0, GPU 1, GPU 2, and GPU 3
Completed jobs for seed 77
Started jobs for seed 78 on GPU 0, GPU 1, GPU 2, and GPU 3
Completed jobs for seed 78
Started jobs for seed 79 on GPU 0, GPU 1, GPU 2, and GPU 3
Completed jobs for seed 35
Started jobs for seed 36 on GPU 0, GPU 1, GPU 2, and GPU 3
Started jobs for seed 0 on GPU 4, GPU 5, GPU 6, and GPU 7
Completed jobs for seed 79
Started jobs for seed 80 on GPU 0, GPU 1, GPU 2, and GPU 3
Completed jobs for seed 0
Started jobs for seed 1 on GPU 4, GPU 5, GPU 6, and GPU 7
Completed jobs for seed 1
Started jobs for seed 2 on GPU 4, GPU 5, GPU 6, and GPU 7
Completed jobs for seed 80
Started jobs for seed 81 on GPU 0, GPU 1, GPU 2, and GPU 3
Completed jobs for seed 36
Started jobs for seed 37 on GPU 0, GPU 1, GPU 2, and GPU 3
Completed jobs for seed 2
Started jobs for seed 3 on GPU 4, GPU 5, GPU 6, and GPU 7
Started jobs for seed 0 on GPU 4, GPU 5, GPU 6, and GPU 7
Completed jobs for seed 0
Started jobs for seed 1 on GPU 4, GPU 5, GPU 6, and GPU 7
Started jobs for seed 0 on GPU 4, GPU 5, GPU 6, and GPU 7
Completed jobs for seed 81
Started jobs for seed 82 on GPU 0, GPU 1, GPU 2, and GPU 3
Completed jobs for seed 3
Started jobs for seed 4 on GPU 4, GPU 5, GPU 6, and GPU 7
Completed jobs for seed 0
Started jobs for seed 1 on GPU 4, GPU 5, GPU 6, and GPU 7
Completed jobs for seed 1
Started jobs for seed 2 on GPU 4, GPU 5, GPU 6, and GPU 7
Completed jobs for seed 1
Started jobs for seed 2 on GPU 4, GPU 5, GPU 6, and GPU 7
Completed jobs for seed 2
Started jobs for seed 3 on GPU 4, GPU 5, GPU 6, and GPU 7
Completed jobs for seed 4
Started jobs for seed 5 on GPU 4, GPU 5, GPU 6, and GPU 7
Completed jobs for seed 2
Started jobs for seed 3 on GPU 4, GPU 5, GPU 6, and GPU 7
Completed jobs for seed 82
Started jobs for seed 83 on GPU 0, GPU 1, GPU 2, and GPU 3
Completed jobs for seed 3
Started jobs for seed 4 on GPU 4, GPU 5, GPU 6, and GPU 7
Completed jobs for seed 3
Started jobs for seed 4 on GPU 4, GPU 5, GPU 6, and GPU 7
Completed jobs for seed 5
Started jobs for seed 6 on GPU 4, GPU 5, GPU 6, and GPU 7
Completed jobs for seed 4
Started jobs for seed 5 on GPU 4, GPU 5, GPU 6, and GPU 7
Completed jobs for seed 4
Started jobs for seed 5 on GPU 4, GPU 5, GPU 6, and GPU 7
Completed jobs for seed 37
Started jobs for seed 38 on GPU 0, GPU 1, GPU 2, and GPU 3
Completed jobs for seed 5
Started jobs for seed 6 on GPU 4, GPU 5, GPU 6, and GPU 7
Completed jobs for seed 5
Started jobs for seed 6 on GPU 4, GPU 5, GPU 6, and GPU 7
Completed jobs for seed 6
Started jobs for seed 7 on GPU 4, GPU 5, GPU 6, and GPU 7
Completed jobs for seed 6
Started jobs for seed 7 on GPU 4, GPU 5, GPU 6, and GPU 7
Completed jobs for seed 83
Started jobs for seed 84 on GPU 0, GPU 1, GPU 2, and GPU 3
Completed jobs for seed 7
Started jobs for seed 8 on GPU 4, GPU 5, GPU 6, and GPU 7
Completed jobs for seed 6
Started jobs for seed 7 on GPU 4, GPU 5, GPU 6, and GPU 7
Completed jobs for seed 7
Started jobs for seed 8 on GPU 4, GPU 5, GPU 6, and GPU 7
Completed jobs for seed 8
Started jobs for seed 9 on GPU 4, GPU 5, GPU 6, and GPU 7
Completed jobs for seed 7
Started jobs for seed 8 on GPU 4, GPU 5, GPU 6, and GPU 7
Completed jobs for seed 9
Started jobs for seed 10 on GPU 4, GPU 5, GPU 6, and GPU 7
Completed jobs for seed 84
Started jobs for seed 85 on GPU 0, GPU 1, GPU 2, and GPU 3
Completed jobs for seed 8
Started jobs for seed 9 on GPU 4, GPU 5, GPU 6, and GPU 7
Completed jobs for seed 10
Started jobs for seed 11 on GPU 4, GPU 5, GPU 6, and GPU 7
Completed jobs for seed 8
Started jobs for seed 9 on GPU 4, GPU 5, GPU 6, and GPU 7
Completed jobs for seed 11
Started jobs for seed 12 on GPU 4, GPU 5, GPU 6, and GPU 7
Completed jobs for seed 9
Started jobs for seed 10 on GPU 4, GPU 5, GPU 6, and GPU 7
Completed jobs for seed 12
Started jobs for seed 13 on GPU 4, GPU 5, GPU 6, and GPU 7
Completed jobs for seed 9
Started jobs for seed 10 on GPU 4, GPU 5, GPU 6, and GPU 7
Completed jobs for seed 38
Started jobs for seed 39 on GPU 0, GPU 1, GPU 2, and GPU 3
Completed jobs for seed 10
Started jobs for seed 11 on GPU 4, GPU 5, GPU 6, and GPU 7
Completed jobs for seed 13
Started jobs for seed 14 on GPU 4, GPU 5, GPU 6, and GPU 7
Completed jobs for seed 85
Started jobs for seed 86 on GPU 0, GPU 1, GPU 2, and GPU 3
Completed jobs for seed 11
Started jobs for seed 12 on GPU 4, GPU 5, GPU 6, and GPU 7
Completed jobs for seed 14
Started jobs for seed 15 on GPU 4, GPU 5, GPU 6, and GPU 7
Completed jobs for seed 10
Started jobs for seed 11 on GPU 4, GPU 5, GPU 6, and GPU 7
Completed jobs for seed 15
Started jobs for seed 16 on GPU 4, GPU 5, GPU 6, and GPU 7
Completed jobs for seed 12
Started jobs for seed 13 on GPU 4, GPU 5, GPU 6, and GPU 7
Completed jobs for seed 16
Started jobs for seed 17 on GPU 4, GPU 5, GPU 6, and GPU 7
Completed jobs for seed 11
Started jobs for seed 12 on GPU 4, GPU 5, GPU 6, and GPU 7
Completed jobs for seed 13
Started jobs for seed 14 on GPU 4, GPU 5, GPU 6, and GPU 7
Completed jobs for seed 86
Started jobs for seed 87 on GPU 0, GPU 1, GPU 2, and GPU 3
Completed jobs for seed 17
Started jobs for seed 18 on GPU 4, GPU 5, GPU 6, and GPU 7
Completed jobs for seed 18
Started jobs for seed 19 on GPU 4, GPU 5, GPU 6, and GPU 7
Completed jobs for seed 14
Started jobs for seed 15 on GPU 4, GPU 5, GPU 6, and GPU 7
Completed jobs for seed 12
Started jobs for seed 13 on GPU 4, GPU 5, GPU 6, and GPU 7
Completed jobs for seed 19
Started jobs for seed 20 on GPU 4, GPU 5, GPU 6, and GPU 7
Completed jobs for seed 15
Started jobs for seed 16 on GPU 4, GPU 5, GPU 6, and GPU 7
Completed jobs for seed 20
Started jobs for seed 21 on GPU 4, GPU 5, GPU 6, and GPU 7
Completed jobs for seed 39
Started jobs for seed 40 on GPU 0, GPU 1, GPU 2, and GPU 3
Completed jobs for seed 87
Started jobs for seed 88 on GPU 0, GPU 1, GPU 2, and GPU 3
Completed jobs for seed 13
Started jobs for seed 14 on GPU 4, GPU 5, GPU 6, and GPU 7
Completed jobs for seed 16
Started jobs for seed 17 on GPU 4, GPU 5, GPU 6, and GPU 7
Completed jobs for seed 21
Started jobs for seed 22 on GPU 4, GPU 5, GPU 6, and GPU 7
Completed jobs for seed 22
Started jobs for seed 23 on GPU 4, GPU 5, GPU 6, and GPU 7
Completed jobs for seed 17
Started jobs for seed 18 on GPU 4, GPU 5, GPU 6, and GPU 7
Completed jobs for seed 14
Started jobs for seed 15 on GPU 4, GPU 5, GPU 6, and GPU 7
Completed jobs for seed 23
Started jobs for seed 24 on GPU 4, GPU 5, GPU 6, and GPU 7
Completed jobs for seed 18
Started jobs for seed 19 on GPU 4, GPU 5, GPU 6, and GPU 7
Completed jobs for seed 88
Started jobs for seed 89 on GPU 0, GPU 1, GPU 2, and GPU 3
Completed jobs for seed 24
Started jobs for seed 25 on GPU 4, GPU 5, GPU 6, and GPU 7
Completed jobs for seed 15
Started jobs for seed 16 on GPU 4, GPU 5, GPU 6, and GPU 7
Completed jobs for seed 19
Started jobs for seed 20 on GPU 4, GPU 5, GPU 6, and GPU 7
Completed jobs for seed 25
Started jobs for seed 26 on GPU 4, GPU 5, GPU 6, and GPU 7
Completed jobs for seed 26
Started jobs for seed 27 on GPU 4, GPU 5, GPU 6, and GPU 7
Completed jobs for seed 20
Started jobs for seed 21 on GPU 4, GPU 5, GPU 6, and GPU 7
Completed jobs for seed 16
Started jobs for seed 17 on GPU 4, GPU 5, GPU 6, and GPU 7
Completed jobs for seed 27
Started jobs for seed 28 on GPU 4, GPU 5, GPU 6, and GPU 7
Completed jobs for seed 89
Started jobs for seed 90 on GPU 0, GPU 1, GPU 2, and GPU 3
Completed jobs for seed 21
Started jobs for seed 22 on GPU 4, GPU 5, GPU 6, and GPU 7
Completed jobs for seed 28
Started jobs for seed 29 on GPU 4, GPU 5, GPU 6, and GPU 7
Completed jobs for seed 40
Started jobs for seed 41 on GPU 0, GPU 1, GPU 2, and GPU 3
Completed jobs for seed 22
Started jobs for seed 23 on GPU 4, GPU 5, GPU 6, and GPU 7
Completed jobs for seed 17
Started jobs for seed 18 on GPU 4, GPU 5, GPU 6, and GPU 7
Completed jobs for seed 29
Started jobs for seed 30 on GPU 4, GPU 5, GPU 6, and GPU 7
Completed jobs for seed 30
Started jobs for seed 31 on GPU 4, GPU 5, GPU 6, and GPU 7
Completed jobs for seed 23
Started jobs for seed 24 on GPU 4, GPU 5, GPU 6, and GPU 7
Completed jobs for seed 90
Started jobs for seed 91 on GPU 0, GPU 1, GPU 2, and GPU 3
Completed jobs for seed 18
Started jobs for seed 19 on GPU 4, GPU 5, GPU 6, and GPU 7
Completed jobs for seed 31
Started jobs for seed 32 on GPU 4, GPU 5, GPU 6, and GPU 7
Completed jobs for seed 24
Started jobs for seed 25 on GPU 4, GPU 5, GPU 6, and GPU 7
Completed jobs for seed 32
Started jobs for seed 33 on GPU 4, GPU 5, GPU 6, and GPU 7
Completed jobs for seed 25
Started jobs for seed 26 on GPU 4, GPU 5, GPU 6, and GPU 7
Completed jobs for seed 33
Started jobs for seed 34 on GPU 4, GPU 5, GPU 6, and GPU 7
Completed jobs for seed 19
Started jobs for seed 20 on GPU 4, GPU 5, GPU 6, and GPU 7
Completed jobs for seed 34
Started jobs for seed 35 on GPU 4, GPU 5, GPU 6, and GPU 7
Completed jobs for seed 26
Started jobs for seed 27 on GPU 4, GPU 5, GPU 6, and GPU 7
Completed jobs for seed 91
Started jobs for seed 92 on GPU 0, GPU 1, GPU 2, and GPU 3
Completed jobs for seed 35
Started jobs for seed 36 on GPU 4, GPU 5, GPU 6, and GPU 7
Completed jobs for seed 20
Started jobs for seed 21 on GPU 4, GPU 5, GPU 6, and GPU 7
Completed jobs for seed 27
Started jobs for seed 28 on GPU 4, GPU 5, GPU 6, and GPU 7
Completed jobs for seed 41
Started jobs for seed 42 on GPU 0, GPU 1, GPU 2, and GPU 3
Completed jobs for seed 36
Started jobs for seed 37 on GPU 4, GPU 5, GPU 6, and GPU 7
Completed jobs for seed 28
Started jobs for seed 29 on GPU 4, GPU 5, GPU 6, and GPU 7
Completed jobs for seed 37
Started jobs for seed 38 on GPU 4, GPU 5, GPU 6, and GPU 7
Completed jobs for seed 21
Started jobs for seed 22 on GPU 4, GPU 5, GPU 6, and GPU 7
Completed jobs for seed 92
Started jobs for seed 93 on GPU 0, GPU 1, GPU 2, and GPU 3
Completed jobs for seed 38
Started jobs for seed 39 on GPU 4, GPU 5, GPU 6, and GPU 7
Completed jobs for seed 29
Started jobs for seed 30 on GPU 4, GPU 5, GPU 6, and GPU 7
Completed jobs for seed 39
Started jobs for seed 40 on GPU 4, GPU 5, GPU 6, and GPU 7
Completed jobs for seed 22
Started jobs for seed 23 on GPU 4, GPU 5, GPU 6, and GPU 7
Completed jobs for seed 30
Started jobs for seed 31 on GPU 4, GPU 5, GPU 6, and GPU 7
Completed jobs for seed 40
Started jobs for seed 41 on GPU 4, GPU 5, GPU 6, and GPU 7
Completed jobs for seed 31
Started jobs for seed 32 on GPU 4, GPU 5, GPU 6, and GPU 7
Completed jobs for seed 41
Started jobs for seed 42 on GPU 4, GPU 5, GPU 6, and GPU 7
Completed jobs for seed 23
Started jobs for seed 24 on GPU 4, GPU 5, GPU 6, and GPU 7
Completed jobs for seed 93
Started jobs for seed 94 on GPU 0, GPU 1, GPU 2, and GPU 3
Completed jobs for seed 42
Started jobs for seed 43 on GPU 4, GPU 5, GPU 6, and GPU 7
Completed jobs for seed 32
Started jobs for seed 33 on GPU 4, GPU 5, GPU 6, and GPU 7
Completed jobs for seed 43
Started jobs for seed 44 on GPU 4, GPU 5, GPU 6, and GPU 7
Completed jobs for seed 24
Started jobs for seed 25 on GPU 4, GPU 5, GPU 6, and GPU 7
Completed jobs for seed 42
Started jobs for seed 43 on GPU 0, GPU 1, GPU 2, and GPU 3
Completed jobs for seed 33
Started jobs for seed 34 on GPU 4, GPU 5, GPU 6, and GPU 7
Completed jobs for seed 44
Started jobs for seed 45 on GPU 4, GPU 5, GPU 6, and GPU 7
Completed jobs for seed 94
Started jobs for seed 95 on GPU 0, GPU 1, GPU 2, and GPU 3
Completed jobs for seed 45
Started jobs for seed 46 on GPU 4, GPU 5, GPU 6, and GPU 7
Completed jobs for seed 34
Started jobs for seed 35 on GPU 4, GPU 5, GPU 6, and GPU 7
Completed jobs for seed 25
Started jobs for seed 26 on GPU 4, GPU 5, GPU 6, and GPU 7
Completed jobs for seed 46
Started jobs for seed 47 on GPU 4, GPU 5, GPU 6, and GPU 7
Completed jobs for seed 35
Started jobs for seed 36 on GPU 4, GPU 5, GPU 6, and GPU 7
Completed jobs for seed 47
Started jobs for seed 48 on GPU 4, GPU 5, GPU 6, and GPU 7
Completed jobs for seed 26
Started jobs for seed 27 on GPU 4, GPU 5, GPU 6, and GPU 7
Completed jobs for seed 36
Started jobs for seed 37 on GPU 4, GPU 5, GPU 6, and GPU 7
Completed jobs for seed 48
Started jobs for seed 49 on GPU 4, GPU 5, GPU 6, and GPU 7
Completed jobs for seed 95
Started jobs for seed 96 on GPU 0, GPU 1, GPU 2, and GPU 3
Completed jobs for seed 49
Started jobs for seed 50 on GPU 4, GPU 5, GPU 6, and GPU 7
Completed jobs for seed 37
Started jobs for seed 38 on GPU 4, GPU 5, GPU 6, and GPU 7
Completed jobs for seed 27
Started jobs for seed 28 on GPU 4, GPU 5, GPU 6, and GPU 7
Completed jobs for seed 50
Started jobs for seed 51 on GPU 4, GPU 5, GPU 6, and GPU 7
Completed jobs for seed 38
Started jobs for seed 39 on GPU 4, GPU 5, GPU 6, and GPU 7
Completed jobs for seed 51
Started jobs for seed 52 on GPU 4, GPU 5, GPU 6, and GPU 7
Completed jobs for seed 43
Started jobs for seed 44 on GPU 0, GPU 1, GPU 2, and GPU 3
Completed jobs for seed 28
Started jobs for seed 29 on GPU 4, GPU 5, GPU 6, and GPU 7
Completed jobs for seed 39
Started jobs for seed 40 on GPU 4, GPU 5, GPU 6, and GPU 7
Completed jobs for seed 96
Started jobs for seed 97 on GPU 0, GPU 1, GPU 2, and GPU 3
Completed jobs for seed 52
Started jobs for seed 53 on GPU 4, GPU 5, GPU 6, and GPU 7
Completed jobs for seed 53
Started jobs for seed 54 on GPU 4, GPU 5, GPU 6, and GPU 7
Completed jobs for seed 40
Started jobs for seed 41 on GPU 4, GPU 5, GPU 6, and GPU 7
Completed jobs for seed 29
Started jobs for seed 30 on GPU 4, GPU 5, GPU 6, and GPU 7
Completed jobs for seed 54
Started jobs for seed 55 on GPU 4, GPU 5, GPU 6, and GPU 7
Completed jobs for seed 41
Started jobs for seed 42 on GPU 4, GPU 5, GPU 6, and GPU 7
Completed jobs for seed 55
Started jobs for seed 56 on GPU 4, GPU 5, GPU 6, and GPU 7
Completed jobs for seed 97
Started jobs for seed 98 on GPU 0, GPU 1, GPU 2, and GPU 3
Completed jobs for seed 30
Started jobs for seed 31 on GPU 4, GPU 5, GPU 6, and GPU 7
Completed jobs for seed 42
Started jobs for seed 43 on GPU 4, GPU 5, GPU 6, and GPU 7
Completed jobs for seed 56
Started jobs for seed 57 on GPU 4, GPU 5, GPU 6, and GPU 7
Completed jobs for seed 57
Started jobs for seed 58 on GPU 4, GPU 5, GPU 6, and GPU 7
Completed jobs for seed 43
Started jobs for seed 44 on GPU 4, GPU 5, GPU 6, and GPU 7
Completed jobs for seed 31
Started jobs for seed 32 on GPU 4, GPU 5, GPU 6, and GPU 7
Completed jobs for seed 58
Started jobs for seed 59 on GPU 4, GPU 5, GPU 6, and GPU 7
Completed jobs for seed 44
Started jobs for seed 45 on GPU 4, GPU 5, GPU 6, and GPU 7
Completed jobs for seed 98
Started jobs for seed 99 on GPU 0, GPU 1, GPU 2, and GPU 3
Completed jobs for seed 44
Started jobs for seed 45 on GPU 0, GPU 1, GPU 2, and GPU 3
Completed jobs for seed 59
Started jobs for seed 60 on GPU 4, GPU 5, GPU 6, and GPU 7
Completed jobs for seed 45
Started jobs for seed 46 on GPU 4, GPU 5, GPU 6, and GPU 7
Completed jobs for seed 32
Started jobs for seed 33 on GPU 4, GPU 5, GPU 6, and GPU 7
Completed jobs for seed 60
Started jobs for seed 61 on GPU 4, GPU 5, GPU 6, and GPU 7
Completed jobs for seed 61
Started jobs for seed 62 on GPU 4, GPU 5, GPU 6, and GPU 7
Completed jobs for seed 46
Started jobs for seed 47 on GPU 4, GPU 5, GPU 6, and GPU 7
Completed jobs for seed 62
Started jobs for seed 63 on GPU 4, GPU 5, GPU 6, and GPU 7
Completed jobs for seed 33
Started jobs for seed 34 on GPU 4, GPU 5, GPU 6, and GPU 7
Completed jobs for seed 99
Started jobs for seed 100 on GPU 0, GPU 1, GPU 2, and GPU 3
Completed jobs for seed 47
Started jobs for seed 48 on GPU 4, GPU 5, GPU 6, and GPU 7
Completed jobs for seed 63
Started jobs for seed 64 on GPU 4, GPU 5, GPU 6, and GPU 7
Completed jobs for seed 48
Started jobs for seed 49 on GPU 4, GPU 5, GPU 6, and GPU 7
Completed jobs for seed 64
Started jobs for seed 65 on GPU 4, GPU 5, GPU 6, and GPU 7
Completed jobs for seed 34
Started jobs for seed 35 on GPU 4, GPU 5, GPU 6, and GPU 7
Completed jobs for seed 65
Started jobs for seed 66 on GPU 4, GPU 5, GPU 6, and GPU 7
Completed jobs for seed 49
Started jobs for seed 50 on GPU 4, GPU 5, GPU 6, and GPU 7
Completed jobs for seed 100
Started jobs for seed 101 on GPU 0, GPU 1, GPU 2, and GPU 3
Completed jobs for seed 66
Started jobs for seed 67 on GPU 4, GPU 5, GPU 6, and GPU 7
Completed jobs for seed 35
Started jobs for seed 36 on GPU 4, GPU 5, GPU 6, and GPU 7
Completed jobs for seed 45
Started jobs for seed 46 on GPU 0, GPU 1, GPU 2, and GPU 3
Completed jobs for seed 50
Started jobs for seed 51 on GPU 4, GPU 5, GPU 6, and GPU 7
Completed jobs for seed 67
Started jobs for seed 68 on GPU 4, GPU 5, GPU 6, and GPU 7
Completed jobs for seed 68
Started jobs for seed 69 on GPU 4, GPU 5, GPU 6, and GPU 7
Completed jobs for seed 51
Started jobs for seed 52 on GPU 4, GPU 5, GPU 6, and GPU 7
Completed jobs for seed 36
Started jobs for seed 37 on GPU 4, GPU 5, GPU 6, and GPU 7
Completed jobs for seed 69
Started jobs for seed 70 on GPU 4, GPU 5, GPU 6, and GPU 7
Completed jobs for seed 52
Started jobs for seed 53 on GPU 4, GPU 5, GPU 6, and GPU 7
Completed jobs for seed 101
Started jobs for seed 102 on GPU 0, GPU 1, GPU 2, and GPU 3
Completed jobs for seed 70
Started jobs for seed 71 on GPU 4, GPU 5, GPU 6, and GPU 7
Completed jobs for seed 37
Started jobs for seed 38 on GPU 4, GPU 5, GPU 6, and GPU 7
Completed jobs for seed 53
Started jobs for seed 54 on GPU 4, GPU 5, GPU 6, and GPU 7
Completed jobs for seed 71
Started jobs for seed 72 on GPU 4, GPU 5, GPU 6, and GPU 7
Completed jobs for seed 72
Started jobs for seed 73 on GPU 4, GPU 5, GPU 6, and GPU 7
Completed jobs for seed 54
Started jobs for seed 55 on GPU 4, GPU 5, GPU 6, and GPU 7
Completed jobs for seed 38
Started jobs for seed 39 on GPU 4, GPU 5, GPU 6, and GPU 7
Completed jobs for seed 102
Started jobs for seed 103 on GPU 0, GPU 1, GPU 2, and GPU 3
Completed jobs for seed 73
Started jobs for seed 74 on GPU 4, GPU 5, GPU 6, and GPU 7
Completed jobs for seed 55
Started jobs for seed 56 on GPU 4, GPU 5, GPU 6, and GPU 7
Completed jobs for seed 74
Started jobs for seed 75 on GPU 4, GPU 5, GPU 6, and GPU 7
Completed jobs for seed 46
Started jobs for seed 47 on GPU 0, GPU 1, GPU 2, and GPU 3
Completed jobs for seed 39
Started jobs for seed 40 on GPU 4, GPU 5, GPU 6, and GPU 7
Completed jobs for seed 56
Started jobs for seed 57 on GPU 4, GPU 5, GPU 6, and GPU 7
Completed jobs for seed 75
Started jobs for seed 76 on GPU 4, GPU 5, GPU 6, and GPU 7
Completed jobs for seed 76
Started jobs for seed 77 on GPU 4, GPU 5, GPU 6, and GPU 7
Completed jobs for seed 57
Started jobs for seed 58 on GPU 4, GPU 5, GPU 6, and GPU 7
Completed jobs for seed 103
Started jobs for seed 104 on GPU 0, GPU 1, GPU 2, and GPU 3
Completed jobs for seed 40
Started jobs for seed 41 on GPU 4, GPU 5, GPU 6, and GPU 7
Completed jobs for seed 77
Started jobs for seed 78 on GPU 4, GPU 5, GPU 6, and GPU 7
Completed jobs for seed 58
Started jobs for seed 59 on GPU 4, GPU 5, GPU 6, and GPU 7
Completed jobs for seed 78
Started jobs for seed 79 on GPU 4, GPU 5, GPU 6, and GPU 7
Completed jobs for seed 41
Started jobs for seed 42 on GPU 4, GPU 5, GPU 6, and GPU 7
Completed jobs for seed 59
Started jobs for seed 60 on GPU 4, GPU 5, GPU 6, and GPU 7
Completed jobs for seed 79
Started jobs for seed 80 on GPU 4, GPU 5, GPU 6, and GPU 7
Completed jobs for seed 104
Started jobs for seed 105 on GPU 0, GPU 1, GPU 2, and GPU 3
Completed jobs for seed 80
Started jobs for seed 81 on GPU 4, GPU 5, GPU 6, and GPU 7
Completed jobs for seed 60
Started jobs for seed 61 on GPU 4, GPU 5, GPU 6, and GPU 7
Completed jobs for seed 42
Started jobs for seed 43 on GPU 4, GPU 5, GPU 6, and GPU 7
Completed jobs for seed 81
Started jobs for seed 82 on GPU 4, GPU 5, GPU 6, and GPU 7
Completed jobs for seed 61
Started jobs for seed 62 on GPU 4, GPU 5, GPU 6, and GPU 7
Completed jobs for seed 47
Started jobs for seed 48 on GPU 0, GPU 1, GPU 2, and GPU 3
Completed jobs for seed 82
Started jobs for seed 83 on GPU 4, GPU 5, GPU 6, and GPU 7
Completed jobs for seed 43
Started jobs for seed 44 on GPU 4, GPU 5, GPU 6, and GPU 7
Completed jobs for seed 62
Started jobs for seed 63 on GPU 4, GPU 5, GPU 6, and GPU 7
Completed jobs for seed 83
Started jobs for seed 84 on GPU 4, GPU 5, GPU 6, and GPU 7
Completed jobs for seed 105
Started jobs for seed 106 on GPU 0, GPU 1, GPU 2, and GPU 3
Completed jobs for seed 84
Started jobs for seed 85 on GPU 4, GPU 5, GPU 6, and GPU 7
Completed jobs for seed 63
Started jobs for seed 64 on GPU 4, GPU 5, GPU 6, and GPU 7
Completed jobs for seed 44
Started jobs for seed 45 on GPU 4, GPU 5, GPU 6, and GPU 7
Completed jobs for seed 85
Started jobs for seed 86 on GPU 4, GPU 5, GPU 6, and GPU 7
Completed jobs for seed 64
Started jobs for seed 65 on GPU 4, GPU 5, GPU 6, and GPU 7
Completed jobs for seed 86
Started jobs for seed 87 on GPU 4, GPU 5, GPU 6, and GPU 7
Completed jobs for seed 106
Started jobs for seed 107 on GPU 0, GPU 1, GPU 2, and GPU 3
Completed jobs for seed 45
Started jobs for seed 46 on GPU 4, GPU 5, GPU 6, and GPU 7
Completed jobs for seed 87
Started jobs for seed 88 on GPU 4, GPU 5, GPU 6, and GPU 7
Completed jobs for seed 65
Started jobs for seed 66 on GPU 4, GPU 5, GPU 6, and GPU 7
Completed jobs for seed 88
Started jobs for seed 89 on GPU 4, GPU 5, GPU 6, and GPU 7
Completed jobs for seed 66
Started jobs for seed 67 on GPU 4, GPU 5, GPU 6, and GPU 7
Completed jobs for seed 46
Started jobs for seed 47 on GPU 4, GPU 5, GPU 6, and GPU 7
Completed jobs for seed 89
Started jobs for seed 90 on GPU 4, GPU 5, GPU 6, and GPU 7
Completed jobs for seed 48
Started jobs for seed 49 on GPU 0, GPU 1, GPU 2, and GPU 3
Completed jobs for seed 67
Started jobs for seed 68 on GPU 4, GPU 5, GPU 6, and GPU 7
Completed jobs for seed 90
Started jobs for seed 91 on GPU 4, GPU 5, GPU 6, and GPU 7
Completed jobs for seed 107
Started jobs for seed 108 on GPU 0, GPU 1, GPU 2, and GPU 3
Completed jobs for seed 47
Started jobs for seed 48 on GPU 4, GPU 5, GPU 6, and GPU 7
Completed jobs for seed 91
Started jobs for seed 92 on GPU 4, GPU 5, GPU 6, and GPU 7
Completed jobs for seed 68
Started jobs for seed 69 on GPU 4, GPU 5, GPU 6, and GPU 7
Completed jobs for seed 92
Started jobs for seed 93 on GPU 4, GPU 5, GPU 6, and GPU 7
Completed jobs for seed 69
Started jobs for seed 70 on GPU 4, GPU 5, GPU 6, and GPU 7
Completed jobs for seed 93
Started jobs for seed 94 on GPU 4, GPU 5, GPU 6, and GPU 7
Completed jobs for seed 48
Started jobs for seed 49 on GPU 4, GPU 5, GPU 6, and GPU 7
Completed jobs for seed 70
Started jobs for seed 71 on GPU 4, GPU 5, GPU 6, and GPU 7
Completed jobs for seed 108
Started jobs for seed 109 on GPU 0, GPU 1, GPU 2, and GPU 3
Completed jobs for seed 94
Started jobs for seed 95 on GPU 4, GPU 5, GPU 6, and GPU 7
Completed jobs for seed 95
Started jobs for seed 96 on GPU 4, GPU 5, GPU 6, and GPU 7
Completed jobs for seed 49
Started jobs for seed 50 on GPU 4, GPU 5, GPU 6, and GPU 7
Completed jobs for seed 71
Started jobs for seed 72 on GPU 4, GPU 5, GPU 6, and GPU 7
Completed jobs for seed 96
Started jobs for seed 97 on GPU 4, GPU 5, GPU 6, and GPU 7
Completed jobs for seed 72
Started jobs for seed 73 on GPU 4, GPU 5, GPU 6, and GPU 7
Completed jobs for seed 97
Started jobs for seed 98 on GPU 4, GPU 5, GPU 6, and GPU 7
Completed jobs for seed 50
Started jobs for seed 51 on GPU 4, GPU 5, GPU 6, and GPU 7
Completed jobs for seed 49
Started jobs for seed 50 on GPU 0, GPU 1, GPU 2, and GPU 3
Completed jobs for seed 109
Started jobs for seed 110 on GPU 0, GPU 1, GPU 2, and GPU 3
Completed jobs for seed 73
Started jobs for seed 74 on GPU 4, GPU 5, GPU 6, and GPU 7
Completed jobs for seed 98
Started jobs for seed 99 on GPU 4, GPU 5, GPU 6, and GPU 7
Completed jobs for seed 99
Started jobs for seed 100 on GPU 4, GPU 5, GPU 6, and GPU 7
Completed jobs for seed 74
Started jobs for seed 75 on GPU 4, GPU 5, GPU 6, and GPU 7
Completed jobs for seed 51
Started jobs for seed 52 on GPU 4, GPU 5, GPU 6, and GPU 7
Completed jobs for seed 100
Started jobs for seed 101 on GPU 4, GPU 5, GPU 6, and GPU 7
Completed jobs for seed 75
Started jobs for seed 76 on GPU 4, GPU 5, GPU 6, and GPU 7
Completed jobs for seed 110
Started jobs for seed 111 on GPU 0, GPU 1, GPU 2, and GPU 3
Completed jobs for seed 101
Started jobs for seed 102 on GPU 4, GPU 5, GPU 6, and GPU 7
Completed jobs for seed 52
Started jobs for seed 53 on GPU 4, GPU 5, GPU 6, and GPU 7
Completed jobs for seed 76
Started jobs for seed 77 on GPU 4, GPU 5, GPU 6, and GPU 7
Completed jobs for seed 102
Started jobs for seed 103 on GPU 4, GPU 5, GPU 6, and GPU 7
Completed jobs for seed 103
Started jobs for seed 104 on GPU 4, GPU 5, GPU 6, and GPU 7
Completed jobs for seed 77
Started jobs for seed 78 on GPU 4, GPU 5, GPU 6, and GPU 7
Completed jobs for seed 53
Started jobs for seed 54 on GPU 4, GPU 5, GPU 6, and GPU 7
Completed jobs for seed 104
Started jobs for seed 105 on GPU 4, GPU 5, GPU 6, and GPU 7
Completed jobs for seed 111
Started jobs for seed 112 on GPU 0, GPU 1, GPU 2, and GPU 3
Completed jobs for seed 78
Started jobs for seed 79 on GPU 4, GPU 5, GPU 6, and GPU 7
Completed jobs for seed 105
Started jobs for seed 106 on GPU 4, GPU 5, GPU 6, and GPU 7
Completed jobs for seed 50
Started jobs for seed 51 on GPU 0, GPU 1, GPU 2, and GPU 3
Completed jobs for seed 54
Started jobs for seed 55 on GPU 4, GPU 5, GPU 6, and GPU 7
Completed jobs for seed 106
Started jobs for seed 107 on GPU 4, GPU 5, GPU 6, and GPU 7
Completed jobs for seed 79
Started jobs for seed 80 on GPU 4, GPU 5, GPU 6, and GPU 7
Completed jobs for seed 107
Started jobs for seed 108 on GPU 4, GPU 5, GPU 6, and GPU 7
Completed jobs for seed 80
Started jobs for seed 81 on GPU 4, GPU 5, GPU 6, and GPU 7
Completed jobs for seed 55
Started jobs for seed 56 on GPU 4, GPU 5, GPU 6, and GPU 7
Completed jobs for seed 112
Started jobs for seed 113 on GPU 0, GPU 1, GPU 2, and GPU 3
Completed jobs for seed 108
Started jobs for seed 109 on GPU 4, GPU 5, GPU 6, and GPU 7
Completed jobs for seed 81
Started jobs for seed 82 on GPU 4, GPU 5, GPU 6, and GPU 7
Completed jobs for seed 109
Started jobs for seed 110 on GPU 4, GPU 5, GPU 6, and GPU 7
Completed jobs for seed 56
Started jobs for seed 57 on GPU 4, GPU 5, GPU 6, and GPU 7
Completed jobs for seed 110
Started jobs for seed 111 on GPU 4, GPU 5, GPU 6, and GPU 7
Completed jobs for seed 82
Started jobs for seed 83 on GPU 4, GPU 5, GPU 6, and GPU 7
Completed jobs for seed 111
Started jobs for seed 112 on GPU 4, GPU 5, GPU 6, and GPU 7
Completed jobs for seed 113
Started jobs for seed 114 on GPU 0, GPU 1, GPU 2, and GPU 3
Completed jobs for seed 83
Started jobs for seed 84 on GPU 4, GPU 5, GPU 6, and GPU 7
Completed jobs for seed 57
Started jobs for seed 58 on GPU 4, GPU 5, GPU 6, and GPU 7
Completed jobs for seed 112
Started jobs for seed 113 on GPU 4, GPU 5, GPU 6, and GPU 7
Completed jobs for seed 84
Started jobs for seed 85 on GPU 4, GPU 5, GPU 6, and GPU 7
Completed jobs for seed 51
Started jobs for seed 52 on GPU 0, GPU 1, GPU 2, and GPU 3
Completed jobs for seed 113
Started jobs for seed 114 on GPU 4, GPU 5, GPU 6, and GPU 7
Completed jobs for seed 58
Started jobs for seed 59 on GPU 4, GPU 5, GPU 6, and GPU 7
Completed jobs for seed 114
Started jobs for seed 115 on GPU 4, GPU 5, GPU 6, and GPU 7
Completed jobs for seed 85
Started jobs for seed 86 on GPU 4, GPU 5, GPU 6, and GPU 7
Completed jobs for seed 114
Started jobs for seed 115 on GPU 0, GPU 1, GPU 2, and GPU 3
Completed jobs for seed 115
Started jobs for seed 116 on GPU 4, GPU 5, GPU 6, and GPU 7
Completed jobs for seed 86
Started jobs for seed 87 on GPU 4, GPU 5, GPU 6, and GPU 7
Completed jobs for seed 59
Started jobs for seed 60 on GPU 4, GPU 5, GPU 6, and GPU 7
Completed jobs for seed 116
Started jobs for seed 117 on GPU 4, GPU 5, GPU 6, and GPU 7
Completed jobs for seed 87
Started jobs for seed 88 on GPU 4, GPU 5, GPU 6, and GPU 7
Completed jobs for seed 117
Started jobs for seed 118 on GPU 4, GPU 5, GPU 6, and GPU 7
Completed jobs for seed 60
Started jobs for seed 61 on GPU 4, GPU 5, GPU 6, and GPU 7
Completed jobs for seed 118
Started jobs for seed 119 on GPU 4, GPU 5, GPU 6, and GPU 7
Completed jobs for seed 88
Started jobs for seed 89 on GPU 4, GPU 5, GPU 6, and GPU 7
Completed jobs for seed 115
Started jobs for seed 116 on GPU 0, GPU 1, GPU 2, and GPU 3
Completed jobs for seed 119
Started jobs for seed 120 on GPU 4, GPU 5, GPU 6, and GPU 7
Completed jobs for seed 89
Started jobs for seed 90 on GPU 4, GPU 5, GPU 6, and GPU 7
Completed jobs for seed 120
Started jobs for seed 121 on GPU 4, GPU 5, GPU 6, and GPU 7
Completed jobs for seed 61
Started jobs for seed 62 on GPU 4, GPU 5, GPU 6, and GPU 7
Completed jobs for seed 52
Started jobs for seed 53 on GPU 0, GPU 1, GPU 2, and GPU 3
Completed jobs for seed 121
Started jobs for seed 122 on GPU 4, GPU 5, GPU 6, and GPU 7
Completed jobs for seed 90
Started jobs for seed 91 on GPU 4, GPU 5, GPU 6, and GPU 7
Completed jobs for seed 116
Started jobs for seed 117 on GPU 0, GPU 1, GPU 2, and GPU 3
Completed jobs for seed 122
Started jobs for seed 123 on GPU 4, GPU 5, GPU 6, and GPU 7
Completed jobs for seed 62
Started jobs for seed 63 on GPU 4, GPU 5, GPU 6, and GPU 7
Completed jobs for seed 91
Started jobs for seed 92 on GPU 4, GPU 5, GPU 6, and GPU 7
Completed jobs for seed 123
Started jobs for seed 124 on GPU 4, GPU 5, GPU 6, and GPU 7
Completed jobs for seed 92
Started jobs for seed 93 on GPU 4, GPU 5, GPU 6, and GPU 7
Completed jobs for seed 124
Started jobs for seed 125 on GPU 4, GPU 5, GPU 6, and GPU 7
Completed jobs for seed 63
Started jobs for seed 64 on GPU 4, GPU 5, GPU 6, and GPU 7
Completed jobs for seed 125
Started jobs for seed 126 on GPU 4, GPU 5, GPU 6, and GPU 7
Completed jobs for seed 93
Started jobs for seed 94 on GPU 4, GPU 5, GPU 6, and GPU 7
Completed jobs for seed 117
Started jobs for seed 118 on GPU 0, GPU 1, GPU 2, and GPU 3
Completed jobs for seed 126
Started jobs for seed 127 on GPU 4, GPU 5, GPU 6, and GPU 7
Completed jobs for seed 64
Started jobs for seed 65 on GPU 4, GPU 5, GPU 6, and GPU 7
Completed jobs for seed 94
Started jobs for seed 95 on GPU 4, GPU 5, GPU 6, and GPU 7
Completed jobs for seed 127
Started jobs for seed 128 on GPU 4, GPU 5, GPU 6, and GPU 7
Completed jobs for seed 95
Started jobs for seed 96 on GPU 4, GPU 5, GPU 6, and GPU 7
Completed jobs for seed 128
Started jobs for seed 129 on GPU 4, GPU 5, GPU 6, and GPU 7
Completed jobs for seed 65
Started jobs for seed 66 on GPU 4, GPU 5, GPU 6, and GPU 7
Completed jobs for seed 53
Started jobs for seed 54 on GPU 0, GPU 1, GPU 2, and GPU 3
Completed jobs for seed 129
Started jobs for seed 130 on GPU 4, GPU 5, GPU 6, and GPU 7
Completed jobs for seed 118
Started jobs for seed 119 on GPU 0, GPU 1, GPU 2, and GPU 3
Completed jobs for seed 96
Started jobs for seed 97 on GPU 4, GPU 5, GPU 6, and GPU 7
Completed jobs for seed 130
Started jobs for seed 131 on GPU 4, GPU 5, GPU 6, and GPU 7
Completed jobs for seed 66
Started jobs for seed 67 on GPU 4, GPU 5, GPU 6, and GPU 7
Completed jobs for seed 97
Started jobs for seed 98 on GPU 4, GPU 5, GPU 6, and GPU 7
Completed jobs for seed 131
Started jobs for seed 132 on GPU 4, GPU 5, GPU 6, and GPU 7
Completed jobs for seed 98
Started jobs for seed 99 on GPU 4, GPU 5, GPU 6, and GPU 7
Completed jobs for seed 132
Started jobs for seed 133 on GPU 4, GPU 5, GPU 6, and GPU 7
Completed jobs for seed 67
Started jobs for seed 68 on GPU 4, GPU 5, GPU 6, and GPU 7
Completed jobs for seed 119
Started jobs for seed 120 on GPU 0, GPU 1, GPU 2, and GPU 3
Completed jobs for seed 133
Started jobs for seed 134 on GPU 4, GPU 5, GPU 6, and GPU 7
Completed jobs for seed 99
Started jobs for seed 100 on GPU 4, GPU 5, GPU 6, and GPU 7
Completed jobs for seed 134
Started jobs for seed 135 on GPU 4, GPU 5, GPU 6, and GPU 7
Completed jobs for seed 68
Started jobs for seed 69 on GPU 4, GPU 5, GPU 6, and GPU 7
Completed jobs for seed 100
Started jobs for seed 101 on GPU 4, GPU 5, GPU 6, and GPU 7
Completed jobs for seed 135
Started jobs for seed 136 on GPU 4, GPU 5, GPU 6, and GPU 7
Completed jobs for seed 101
Started jobs for seed 102 on GPU 4, GPU 5, GPU 6, and GPU 7
Completed jobs for seed 120
Started jobs for seed 121 on GPU 0, GPU 1, GPU 2, and GPU 3
Completed jobs for seed 136
Started jobs for seed 137 on GPU 4, GPU 5, GPU 6, and GPU 7
Completed jobs for seed 54
Started jobs for seed 55 on GPU 0, GPU 1, GPU 2, and GPU 3
Completed jobs for seed 69
Started jobs for seed 70 on GPU 4, GPU 5, GPU 6, and GPU 7
Completed jobs for seed 137
Started jobs for seed 138 on GPU 4, GPU 5, GPU 6, and GPU 7
Completed jobs for seed 102
Started jobs for seed 103 on GPU 4, GPU 5, GPU 6, and GPU 7
Completed jobs for seed 138
Started jobs for seed 139 on GPU 4, GPU 5, GPU 6, and GPU 7
Completed jobs for seed 70
Started jobs for seed 71 on GPU 4, GPU 5, GPU 6, and GPU 7
Completed jobs for seed 103
Started jobs for seed 104 on GPU 4, GPU 5, GPU 6, and GPU 7
Completed jobs for seed 139
Started jobs for seed 140 on GPU 4, GPU 5, GPU 6, and GPU 7
Completed jobs for seed 121
Started jobs for seed 122 on GPU 0, GPU 1, GPU 2, and GPU 3
Completed jobs for seed 140
Started jobs for seed 141 on GPU 4, GPU 5, GPU 6, and GPU 7
Completed jobs for seed 104
Started jobs for seed 105 on GPU 4, GPU 5, GPU 6, and GPU 7
Completed jobs for seed 71
Started jobs for seed 72 on GPU 4, GPU 5, GPU 6, and GPU 7
Completed jobs for seed 141
Started jobs for seed 142 on GPU 4, GPU 5, GPU 6, and GPU 7
Completed jobs for seed 105
Started jobs for seed 106 on GPU 4, GPU 5, GPU 6, and GPU 7
Completed jobs for seed 142
Started jobs for seed 143 on GPU 4, GPU 5, GPU 6, and GPU 7
Completed jobs for seed 106
Started jobs for seed 107 on GPU 4, GPU 5, GPU 6, and GPU 7
Completed jobs for seed 72
Started jobs for seed 73 on GPU 4, GPU 5, GPU 6, and GPU 7
Completed jobs for seed 143
Started jobs for seed 144 on GPU 4, GPU 5, GPU 6, and GPU 7
Completed jobs for seed 122
Started jobs for seed 123 on GPU 0, GPU 1, GPU 2, and GPU 3
Completed jobs for seed 144
Started jobs for seed 145 on GPU 4, GPU 5, GPU 6, and GPU 7
Completed jobs for seed 107
Started jobs for seed 108 on GPU 4, GPU 5, GPU 6, and GPU 7
Completed jobs for seed 55
Started jobs for seed 56 on GPU 0, GPU 1, GPU 2, and GPU 3
Completed jobs for seed 73
Started jobs for seed 74 on GPU 4, GPU 5, GPU 6, and GPU 7
Completed jobs for seed 145
Started jobs for seed 146 on GPU 4, GPU 5, GPU 6, and GPU 7
Completed jobs for seed 108
Started jobs for seed 109 on GPU 4, GPU 5, GPU 6, and GPU 7
Completed jobs for seed 146
Started jobs for seed 147 on GPU 4, GPU 5, GPU 6, and GPU 7
Completed jobs for seed 123
Started jobs for seed 124 on GPU 0, GPU 1, GPU 2, and GPU 3
Completed jobs for seed 109
Started jobs for seed 110 on GPU 4, GPU 5, GPU 6, and GPU 7
Completed jobs for seed 74
Started jobs for seed 75 on GPU 4, GPU 5, GPU 6, and GPU 7
Completed jobs for seed 147
Started jobs for seed 148 on GPU 4, GPU 5, GPU 6, and GPU 7
Completed jobs for seed 148
Started jobs for seed 149 on GPU 4, GPU 5, GPU 6, and GPU 7
Completed jobs for seed 110
Started jobs for seed 111 on GPU 4, GPU 5, GPU 6, and GPU 7
Completed jobs for seed 75
Started jobs for seed 76 on GPU 4, GPU 5, GPU 6, and GPU 7
Completed jobs for seed 149
All jobs have been completed.
Completed jobs for seed 111
Started jobs for seed 112 on GPU 4, GPU 5, GPU 6, and GPU 7
Completed jobs for seed 124
Started jobs for seed 125 on GPU 0, GPU 1, GPU 2, and GPU 3
Completed jobs for seed 112
Started jobs for seed 113 on GPU 4, GPU 5, GPU 6, and GPU 7
Completed jobs for seed 76
Started jobs for seed 77 on GPU 4, GPU 5, GPU 6, and GPU 7
Completed jobs for seed 56
Started jobs for seed 57 on GPU 0, GPU 1, GPU 2, and GPU 3
Completed jobs for seed 113
Started jobs for seed 114 on GPU 4, GPU 5, GPU 6, and GPU 7
Completed jobs for seed 77
Started jobs for seed 78 on GPU 4, GPU 5, GPU 6, and GPU 7
Completed jobs for seed 114
Started jobs for seed 115 on GPU 4, GPU 5, GPU 6, and GPU 7
Completed jobs for seed 125
Started jobs for seed 126 on GPU 0, GPU 1, GPU 2, and GPU 3
Completed jobs for seed 115
Started jobs for seed 116 on GPU 4, GPU 5, GPU 6, and GPU 7
Completed jobs for seed 78
Started jobs for seed 79 on GPU 4, GPU 5, GPU 6, and GPU 7
Completed jobs for seed 116
Started jobs for seed 117 on GPU 4, GPU 5, GPU 6, and GPU 7
Completed jobs for seed 126
Started jobs for seed 127 on GPU 0, GPU 1, GPU 2, and GPU 3
Completed jobs for seed 79
Started jobs for seed 80 on GPU 4, GPU 5, GPU 6, and GPU 7
Completed jobs for seed 117
Started jobs for seed 118 on GPU 4, GPU 5, GPU 6, and GPU 7
Completed jobs for seed 118
Started jobs for seed 119 on GPU 4, GPU 5, GPU 6, and GPU 7
Completed jobs for seed 80
Started jobs for seed 81 on GPU 4, GPU 5, GPU 6, and GPU 7
Completed jobs for seed 57
Started jobs for seed 58 on GPU 0, GPU 1, GPU 2, and GPU 3
Completed jobs for seed 119
Started jobs for seed 120 on GPU 4, GPU 5, GPU 6, and GPU 7
Completed jobs for seed 127
Started jobs for seed 128 on GPU 0, GPU 1, GPU 2, and GPU 3
Completed jobs for seed 81
Started jobs for seed 82 on GPU 4, GPU 5, GPU 6, and GPU 7
Completed jobs for seed 120
Started jobs for seed 121 on GPU 4, GPU 5, GPU 6, and GPU 7
Completed jobs for seed 121
Started jobs for seed 122 on GPU 4, GPU 5, GPU 6, and GPU 7
Completed jobs for seed 82
Started jobs for seed 83 on GPU 4, GPU 5, GPU 6, and GPU 7
Completed jobs for seed 128
Started jobs for seed 129 on GPU 0, GPU 1, GPU 2, and GPU 3
Completed jobs for seed 122
Started jobs for seed 123 on GPU 4, GPU 5, GPU 6, and GPU 7
Completed jobs for seed 123
Started jobs for seed 124 on GPU 4, GPU 5, GPU 6, and GPU 7
Completed jobs for seed 83
Started jobs for seed 84 on GPU 4, GPU 5, GPU 6, and GPU 7
Completed jobs for seed 124
Started jobs for seed 125 on GPU 4, GPU 5, GPU 6, and GPU 7
Completed jobs for seed 58
Started jobs for seed 59 on GPU 0, GPU 1, GPU 2, and GPU 3
Completed jobs for seed 129
Started jobs for seed 130 on GPU 0, GPU 1, GPU 2, and GPU 3
Completed jobs for seed 84
Started jobs for seed 85 on GPU 4, GPU 5, GPU 6, and GPU 7
Completed jobs for seed 125
Started jobs for seed 126 on GPU 4, GPU 5, GPU 6, and GPU 7
Completed jobs for seed 126
Started jobs for seed 127 on GPU 4, GPU 5, GPU 6, and GPU 7
Completed jobs for seed 85
Started jobs for seed 86 on GPU 4, GPU 5, GPU 6, and GPU 7
Completed jobs for seed 130
Started jobs for seed 131 on GPU 0, GPU 1, GPU 2, and GPU 3
Completed jobs for seed 127
Started jobs for seed 128 on GPU 4, GPU 5, GPU 6, and GPU 7
Completed jobs for seed 86
Started jobs for seed 87 on GPU 4, GPU 5, GPU 6, and GPU 7
Completed jobs for seed 128
Started jobs for seed 129 on GPU 4, GPU 5, GPU 6, and GPU 7
Completed jobs for seed 129
Started jobs for seed 130 on GPU 4, GPU 5, GPU 6, and GPU 7
Completed jobs for seed 87
Started jobs for seed 88 on GPU 4, GPU 5, GPU 6, and GPU 7
Completed jobs for seed 131
Started jobs for seed 132 on GPU 0, GPU 1, GPU 2, and GPU 3
Completed jobs for seed 130
Started jobs for seed 131 on GPU 4, GPU 5, GPU 6, and GPU 7
Completed jobs for seed 59
Started jobs for seed 60 on GPU 0, GPU 1, GPU 2, and GPU 3
Completed jobs for seed 88
Started jobs for seed 89 on GPU 4, GPU 5, GPU 6, and GPU 7
Completed jobs for seed 131
Started jobs for seed 132 on GPU 4, GPU 5, GPU 6, and GPU 7
Completed jobs for seed 132
Started jobs for seed 133 on GPU 4, GPU 5, GPU 6, and GPU 7
Completed jobs for seed 132
Started jobs for seed 133 on GPU 0, GPU 1, GPU 2, and GPU 3
Completed jobs for seed 89
Started jobs for seed 90 on GPU 4, GPU 5, GPU 6, and GPU 7
Completed jobs for seed 133
Started jobs for seed 134 on GPU 4, GPU 5, GPU 6, and GPU 7
Completed jobs for seed 90
Started jobs for seed 91 on GPU 4, GPU 5, GPU 6, and GPU 7
Completed jobs for seed 134
Started jobs for seed 135 on GPU 4, GPU 5, GPU 6, and GPU 7
Completed jobs for seed 133
Started jobs for seed 134 on GPU 0, GPU 1, GPU 2, and GPU 3
Completed jobs for seed 135
Started jobs for seed 136 on GPU 4, GPU 5, GPU 6, and GPU 7
Completed jobs for seed 91
Started jobs for seed 92 on GPU 4, GPU 5, GPU 6, and GPU 7
Completed jobs for seed 60
Started jobs for seed 61 on GPU 0, GPU 1, GPU 2, and GPU 3
Completed jobs for seed 136
Started jobs for seed 137 on GPU 4, GPU 5, GPU 6, and GPU 7
Completed jobs for seed 92
Started jobs for seed 93 on GPU 4, GPU 5, GPU 6, and GPU 7
Completed jobs for seed 137
Started jobs for seed 138 on GPU 4, GPU 5, GPU 6, and GPU 7
Completed jobs for seed 134
Started jobs for seed 135 on GPU 0, GPU 1, GPU 2, and GPU 3
Completed jobs for seed 138
Started jobs for seed 139 on GPU 4, GPU 5, GPU 6, and GPU 7
Completed jobs for seed 93
Started jobs for seed 94 on GPU 4, GPU 5, GPU 6, and GPU 7
Completed jobs for seed 139
Started jobs for seed 140 on GPU 4, GPU 5, GPU 6, and GPU 7
Completed jobs for seed 94
Started jobs for seed 95 on GPU 4, GPU 5, GPU 6, and GPU 7
Completed jobs for seed 140
Started jobs for seed 141 on GPU 4, GPU 5, GPU 6, and GPU 7
Completed jobs for seed 135
Started jobs for seed 136 on GPU 0, GPU 1, GPU 2, and GPU 3
Completed jobs for seed 141
Started jobs for seed 142 on GPU 4, GPU 5, GPU 6, and GPU 7
Completed jobs for seed 95
Started jobs for seed 96 on GPU 4, GPU 5, GPU 6, and GPU 7
Completed jobs for seed 61
Started jobs for seed 62 on GPU 0, GPU 1, GPU 2, and GPU 3
Completed jobs for seed 142
Started jobs for seed 143 on GPU 4, GPU 5, GPU 6, and GPU 7
Completed jobs for seed 136
Started jobs for seed 137 on GPU 0, GPU 1, GPU 2, and GPU 3
Completed jobs for seed 96
Started jobs for seed 97 on GPU 4, GPU 5, GPU 6, and GPU 7
Completed jobs for seed 143
Started jobs for seed 144 on GPU 4, GPU 5, GPU 6, and GPU 7
Completed jobs for seed 144
Started jobs for seed 145 on GPU 4, GPU 5, GPU 6, and GPU 7
Completed jobs for seed 97
Started jobs for seed 98 on GPU 4, GPU 5, GPU 6, and GPU 7
Completed jobs for seed 145
Started jobs for seed 146 on GPU 4, GPU 5, GPU 6, and GPU 7
Completed jobs for seed 137
Started jobs for seed 138 on GPU 0, GPU 1, GPU 2, and GPU 3
Completed jobs for seed 146
Started jobs for seed 147 on GPU 4, GPU 5, GPU 6, and GPU 7
Completed jobs for seed 98
Started jobs for seed 99 on GPU 4, GPU 5, GPU 6, and GPU 7
Completed jobs for seed 147
Started jobs for seed 148 on GPU 4, GPU 5, GPU 6, and GPU 7
Completed jobs for seed 62
Started jobs for seed 63 on GPU 0, GPU 1, GPU 2, and GPU 3
Completed jobs for seed 99
Started jobs for seed 100 on GPU 4, GPU 5, GPU 6, and GPU 7
Completed jobs for seed 138
Started jobs for seed 139 on GPU 0, GPU 1, GPU 2, and GPU 3
Completed jobs for seed 148
Started jobs for seed 149 on GPU 4, GPU 5, GPU 6, and GPU 7
Completed jobs for seed 149
All jobs have been completed.
Completed jobs for seed 100
Started jobs for seed 101 on GPU 4, GPU 5, GPU 6, and GPU 7
Completed jobs for seed 139
Started jobs for seed 140 on GPU 0, GPU 1, GPU 2, and GPU 3
Completed jobs for seed 101
Started jobs for seed 102 on GPU 4, GPU 5, GPU 6, and GPU 7
Completed jobs for seed 102
Started jobs for seed 103 on GPU 4, GPU 5, GPU 6, and GPU 7
Completed jobs for seed 140
Started jobs for seed 141 on GPU 0, GPU 1, GPU 2, and GPU 3
Completed jobs for seed 63
Started jobs for seed 64 on GPU 0, GPU 1, GPU 2, and GPU 3
Completed jobs for seed 103
Started jobs for seed 104 on GPU 4, GPU 5, GPU 6, and GPU 7
Completed jobs for seed 104
Started jobs for seed 105 on GPU 4, GPU 5, GPU 6, and GPU 7
Completed jobs for seed 141
Started jobs for seed 142 on GPU 0, GPU 1, GPU 2, and GPU 3
Completed jobs for seed 105
Started jobs for seed 106 on GPU 4, GPU 5, GPU 6, and GPU 7
Completed jobs for seed 142
Started jobs for seed 143 on GPU 0, GPU 1, GPU 2, and GPU 3
Completed jobs for seed 106
Started jobs for seed 107 on GPU 4, GPU 5, GPU 6, and GPU 7
Completed jobs for seed 64
Started jobs for seed 65 on GPU 0, GPU 1, GPU 2, and GPU 3
Completed jobs for seed 107
Started jobs for seed 108 on GPU 4, GPU 5, GPU 6, and GPU 7
Completed jobs for seed 143
Started jobs for seed 144 on GPU 0, GPU 1, GPU 2, and GPU 3
Completed jobs for seed 108
Started jobs for seed 109 on GPU 4, GPU 5, GPU 6, and GPU 7
Completed jobs for seed 109
Started jobs for seed 110 on GPU 4, GPU 5, GPU 6, and GPU 7
Completed jobs for seed 144
Started jobs for seed 145 on GPU 0, GPU 1, GPU 2, and GPU 3
Completed jobs for seed 110
Started jobs for seed 111 on GPU 4, GPU 5, GPU 6, and GPU 7
Completed jobs for seed 65
Started jobs for seed 66 on GPU 0, GPU 1, GPU 2, and GPU 3
Completed jobs for seed 111
Started jobs for seed 112 on GPU 4, GPU 5, GPU 6, and GPU 7
Completed jobs for seed 145
Started jobs for seed 146 on GPU 0, GPU 1, GPU 2, and GPU 3
Completed jobs for seed 112
Started jobs for seed 113 on GPU 4, GPU 5, GPU 6, and GPU 7
Completed jobs for seed 146
Started jobs for seed 147 on GPU 0, GPU 1, GPU 2, and GPU 3
Completed jobs for seed 113
Started jobs for seed 114 on GPU 4, GPU 5, GPU 6, and GPU 7
Completed jobs for seed 114
Started jobs for seed 115 on GPU 4, GPU 5, GPU 6, and GPU 7
Completed jobs for seed 66
Started jobs for seed 67 on GPU 0, GPU 1, GPU 2, and GPU 3
Completed jobs for seed 147
Started jobs for seed 148 on GPU 0, GPU 1, GPU 2, and GPU 3
Completed jobs for seed 115
Started jobs for seed 116 on GPU 4, GPU 5, GPU 6, and GPU 7
Completed jobs for seed 116
Started jobs for seed 117 on GPU 4, GPU 5, GPU 6, and GPU 7
Completed jobs for seed 148
Started jobs for seed 149 on GPU 0, GPU 1, GPU 2, and GPU 3
Completed jobs for seed 117
Started jobs for seed 118 on GPU 4, GPU 5, GPU 6, and GPU 7
Completed jobs for seed 149
All jobs have been completed.
Completed jobs for seed 67
Started jobs for seed 68 on GPU 0, GPU 1, GPU 2, and GPU 3
Completed jobs for seed 118
Started jobs for seed 119 on GPU 4, GPU 5, GPU 6, and GPU 7
Completed jobs for seed 119
Started jobs for seed 120 on GPU 4, GPU 5, GPU 6, and GPU 7
Completed jobs for seed 120
Started jobs for seed 121 on GPU 4, GPU 5, GPU 6, and GPU 7
Completed jobs for seed 121
Started jobs for seed 122 on GPU 4, GPU 5, GPU 6, and GPU 7
Completed jobs for seed 68
Started jobs for seed 69 on GPU 0, GPU 1, GPU 2, and GPU 3
Completed jobs for seed 122
Started jobs for seed 123 on GPU 4, GPU 5, GPU 6, and GPU 7
Completed jobs for seed 123
Started jobs for seed 124 on GPU 4, GPU 5, GPU 6, and GPU 7
Completed jobs for seed 124
Started jobs for seed 125 on GPU 4, GPU 5, GPU 6, and GPU 7
Completed jobs for seed 125
Started jobs for seed 126 on GPU 4, GPU 5, GPU 6, and GPU 7
Completed jobs for seed 69
Started jobs for seed 70 on GPU 0, GPU 1, GPU 2, and GPU 3
Completed jobs for seed 126
Started jobs for seed 127 on GPU 4, GPU 5, GPU 6, and GPU 7
Completed jobs for seed 127
Started jobs for seed 128 on GPU 4, GPU 5, GPU 6, and GPU 7
Completed jobs for seed 128
Started jobs for seed 129 on GPU 4, GPU 5, GPU 6, and GPU 7
Completed jobs for seed 129
Started jobs for seed 130 on GPU 4, GPU 5, GPU 6, and GPU 7
Completed jobs for seed 70
Started jobs for seed 71 on GPU 0, GPU 1, GPU 2, and GPU 3
Completed jobs for seed 130
Started jobs for seed 131 on GPU 4, GPU 5, GPU 6, and GPU 7
Completed jobs for seed 131
Started jobs for seed 132 on GPU 4, GPU 5, GPU 6, and GPU 7
Completed jobs for seed 132
Started jobs for seed 133 on GPU 4, GPU 5, GPU 6, and GPU 7
Completed jobs for seed 71
Started jobs for seed 72 on GPU 0, GPU 1, GPU 2, and GPU 3
Completed jobs for seed 133
Started jobs for seed 134 on GPU 4, GPU 5, GPU 6, and GPU 7
Completed jobs for seed 134
Started jobs for seed 135 on GPU 4, GPU 5, GPU 6, and GPU 7
Completed jobs for seed 135
Started jobs for seed 136 on GPU 4, GPU 5, GPU 6, and GPU 7
Completed jobs for seed 136
Started jobs for seed 137 on GPU 4, GPU 5, GPU 6, and GPU 7
Completed jobs for seed 72
Started jobs for seed 73 on GPU 0, GPU 1, GPU 2, and GPU 3
Completed jobs for seed 137
Started jobs for seed 138 on GPU 4, GPU 5, GPU 6, and GPU 7
Completed jobs for seed 138
Started jobs for seed 139 on GPU 4, GPU 5, GPU 6, and GPU 7
Completed jobs for seed 139
Started jobs for seed 140 on GPU 4, GPU 5, GPU 6, and GPU 7
Completed jobs for seed 140
Started jobs for seed 141 on GPU 4, GPU 5, GPU 6, and GPU 7
Completed jobs for seed 73
Started jobs for seed 74 on GPU 0, GPU 1, GPU 2, and GPU 3
Completed jobs for seed 141
Started jobs for seed 142 on GPU 4, GPU 5, GPU 6, and GPU 7
Completed jobs for seed 142
Started jobs for seed 143 on GPU 4, GPU 5, GPU 6, and GPU 7
Completed jobs for seed 143
Started jobs for seed 144 on GPU 4, GPU 5, GPU 6, and GPU 7
Completed jobs for seed 144
Started jobs for seed 145 on GPU 4, GPU 5, GPU 6, and GPU 7
Completed jobs for seed 74
Started jobs for seed 75 on GPU 0, GPU 1, GPU 2, and GPU 3
Completed jobs for seed 145
Started jobs for seed 146 on GPU 4, GPU 5, GPU 6, and GPU 7
Completed jobs for seed 146
Started jobs for seed 147 on GPU 4, GPU 5, GPU 6, and GPU 7
Completed jobs for seed 147
Started jobs for seed 148 on GPU 4, GPU 5, GPU 6, and GPU 7
Completed jobs for seed 148
Started jobs for seed 149 on GPU 4, GPU 5, GPU 6, and GPU 7
Completed jobs for seed 75
Started jobs for seed 76 on GPU 0, GPU 1, GPU 2, and GPU 3
Completed jobs for seed 149
All jobs have been completed.
Completed jobs for seed 76
Started jobs for seed 77 on GPU 0, GPU 1, GPU 2, and GPU 3
Completed jobs for seed 77
Started jobs for seed 78 on GPU 0, GPU 1, GPU 2, and GPU 3
Completed jobs for seed 78
Started jobs for seed 79 on GPU 0, GPU 1, GPU 2, and GPU 3
Completed jobs for seed 79
Started jobs for seed 80 on GPU 0, GPU 1, GPU 2, and GPU 3
Completed jobs for seed 80
Started jobs for seed 81 on GPU 0, GPU 1, GPU 2, and GPU 3
Completed jobs for seed 81
Started jobs for seed 82 on GPU 0, GPU 1, GPU 2, and GPU 3
Completed jobs for seed 82
Started jobs for seed 83 on GPU 0, GPU 1, GPU 2, and GPU 3
Completed jobs for seed 83
Started jobs for seed 84 on GPU 0, GPU 1, GPU 2, and GPU 3
Completed jobs for seed 84
Started jobs for seed 85 on GPU 0, GPU 1, GPU 2, and GPU 3
Completed jobs for seed 85
Started jobs for seed 86 on GPU 0, GPU 1, GPU 2, and GPU 3
Completed jobs for seed 86
Started jobs for seed 87 on GPU 0, GPU 1, GPU 2, and GPU 3
Completed jobs for seed 87
Started jobs for seed 88 on GPU 0, GPU 1, GPU 2, and GPU 3
Completed jobs for seed 88
Started jobs for seed 89 on GPU 0, GPU 1, GPU 2, and GPU 3
Completed jobs for seed 89
Started jobs for seed 90 on GPU 0, GPU 1, GPU 2, and GPU 3
Completed jobs for seed 90
Started jobs for seed 91 on GPU 0, GPU 1, GPU 2, and GPU 3
Completed jobs for seed 91
Started jobs for seed 92 on GPU 0, GPU 1, GPU 2, and GPU 3
Completed jobs for seed 92
Started jobs for seed 93 on GPU 0, GPU 1, GPU 2, and GPU 3
Completed jobs for seed 93
Started jobs for seed 94 on GPU 0, GPU 1, GPU 2, and GPU 3
Completed jobs for seed 94
Started jobs for seed 95 on GPU 0, GPU 1, GPU 2, and GPU 3
Completed jobs for seed 95
Started jobs for seed 96 on GPU 0, GPU 1, GPU 2, and GPU 3
Completed jobs for seed 96
Started jobs for seed 97 on GPU 0, GPU 1, GPU 2, and GPU 3
Completed jobs for seed 97
Started jobs for seed 98 on GPU 0, GPU 1, GPU 2, and GPU 3
Completed jobs for seed 98
Started jobs for seed 99 on GPU 0, GPU 1, GPU 2, and GPU 3
Completed jobs for seed 99
Started jobs for seed 100 on GPU 0, GPU 1, GPU 2, and GPU 3
Completed jobs for seed 100
Started jobs for seed 101 on GPU 0, GPU 1, GPU 2, and GPU 3
Completed jobs for seed 101
Started jobs for seed 102 on GPU 0, GPU 1, GPU 2, and GPU 3
Completed jobs for seed 102
Started jobs for seed 103 on GPU 0, GPU 1, GPU 2, and GPU 3
Completed jobs for seed 103
Started jobs for seed 104 on GPU 0, GPU 1, GPU 2, and GPU 3
Completed jobs for seed 104
Started jobs for seed 105 on GPU 0, GPU 1, GPU 2, and GPU 3
Completed jobs for seed 105
Started jobs for seed 106 on GPU 0, GPU 1, GPU 2, and GPU 3
Completed jobs for seed 106
Started jobs for seed 107 on GPU 0, GPU 1, GPU 2, and GPU 3
Completed jobs for seed 107
Started jobs for seed 108 on GPU 0, GPU 1, GPU 2, and GPU 3
Completed jobs for seed 108
Started jobs for seed 109 on GPU 0, GPU 1, GPU 2, and GPU 3
Completed jobs for seed 109
Started jobs for seed 110 on GPU 0, GPU 1, GPU 2, and GPU 3
Completed jobs for seed 110
Started jobs for seed 111 on GPU 0, GPU 1, GPU 2, and GPU 3
Completed jobs for seed 111
Started jobs for seed 112 on GPU 0, GPU 1, GPU 2, and GPU 3
Completed jobs for seed 112
Started jobs for seed 113 on GPU 0, GPU 1, GPU 2, and GPU 3
Completed jobs for seed 113
Started jobs for seed 114 on GPU 0, GPU 1, GPU 2, and GPU 3
Completed jobs for seed 114
Started jobs for seed 115 on GPU 0, GPU 1, GPU 2, and GPU 3
Completed jobs for seed 115
Started jobs for seed 116 on GPU 0, GPU 1, GPU 2, and GPU 3
Completed jobs for seed 116
Started jobs for seed 117 on GPU 0, GPU 1, GPU 2, and GPU 3
Completed jobs for seed 117
Started jobs for seed 118 on GPU 0, GPU 1, GPU 2, and GPU 3
Completed jobs for seed 118
Started jobs for seed 119 on GPU 0, GPU 1, GPU 2, and GPU 3
Completed jobs for seed 119
Started jobs for seed 120 on GPU 0, GPU 1, GPU 2, and GPU 3
Completed jobs for seed 120
Started jobs for seed 121 on GPU 0, GPU 1, GPU 2, and GPU 3
Completed jobs for seed 121
Started jobs for seed 122 on GPU 0, GPU 1, GPU 2, and GPU 3
Completed jobs for seed 122
Started jobs for seed 123 on GPU 0, GPU 1, GPU 2, and GPU 3
Completed jobs for seed 123
Started jobs for seed 124 on GPU 0, GPU 1, GPU 2, and GPU 3
Completed jobs for seed 124
Started jobs for seed 125 on GPU 0, GPU 1, GPU 2, and GPU 3
Completed jobs for seed 125
Started jobs for seed 126 on GPU 0, GPU 1, GPU 2, and GPU 3
Completed jobs for seed 126
Started jobs for seed 127 on GPU 0, GPU 1, GPU 2, and GPU 3
Completed jobs for seed 127
Started jobs for seed 128 on GPU 0, GPU 1, GPU 2, and GPU 3
Completed jobs for seed 128
Started jobs for seed 129 on GPU 0, GPU 1, GPU 2, and GPU 3
Completed jobs for seed 129
Started jobs for seed 130 on GPU 0, GPU 1, GPU 2, and GPU 3
Completed jobs for seed 130
Started jobs for seed 131 on GPU 0, GPU 1, GPU 2, and GPU 3
Completed jobs for seed 131
Started jobs for seed 132 on GPU 0, GPU 1, GPU 2, and GPU 3
Completed jobs for seed 132
Started jobs for seed 133 on GPU 0, GPU 1, GPU 2, and GPU 3
Completed jobs for seed 133
Started jobs for seed 134 on GPU 0, GPU 1, GPU 2, and GPU 3
Completed jobs for seed 134
Started jobs for seed 135 on GPU 0, GPU 1, GPU 2, and GPU 3
Completed jobs for seed 135
Started jobs for seed 136 on GPU 0, GPU 1, GPU 2, and GPU 3
Completed jobs for seed 136
Started jobs for seed 137 on GPU 0, GPU 1, GPU 2, and GPU 3
Completed jobs for seed 137
Started jobs for seed 138 on GPU 0, GPU 1, GPU 2, and GPU 3
Completed jobs for seed 138
Started jobs for seed 139 on GPU 0, GPU 1, GPU 2, and GPU 3
Completed jobs for seed 139
Started jobs for seed 140 on GPU 0, GPU 1, GPU 2, and GPU 3
Completed jobs for seed 140
Started jobs for seed 141 on GPU 0, GPU 1, GPU 2, and GPU 3
Completed jobs for seed 141
Started jobs for seed 142 on GPU 0, GPU 1, GPU 2, and GPU 3
Completed jobs for seed 142
Started jobs for seed 143 on GPU 0, GPU 1, GPU 2, and GPU 3
Completed jobs for seed 143
Started jobs for seed 144 on GPU 0, GPU 1, GPU 2, and GPU 3
Completed jobs for seed 144
Started jobs for seed 145 on GPU 0, GPU 1, GPU 2, and GPU 3
Completed jobs for seed 145
Started jobs for seed 146 on GPU 0, GPU 1, GPU 2, and GPU 3
Completed jobs for seed 146
Started jobs for seed 147 on GPU 0, GPU 1, GPU 2, and GPU 3
Completed jobs for seed 147
Started jobs for seed 148 on GPU 0, GPU 1, GPU 2, and GPU 3
Completed jobs for seed 148
Started jobs for seed 149 on GPU 0, GPU 1, GPU 2, and GPU 3
Completed jobs for seed 149
./diffuser_plan_wh.sh: line 69: unexpected EOF while looking for matching `"'
./diffuser_plan_wh.sh: line 70: syntax error: unexpected end of file
